#
# A fatal error has been detected by the Java Runtime Environment:
#
#  EXCEPTION_ACCESS_VIOLATION (0xc0000005) at pc=0x00007ffcec3ea5b9, pid=18060, tid=6792
#
# JRE version: Java(TM) SE Runtime Environment (21.0.9+7) (build 21.0.9+7-LTS-338)
# Java VM: Java HotSpot(TM) 64-Bit Server VM (21.0.9+7-LTS-338, mixed mode, sharing, tiered, compressed oops, compressed class ptrs, g1 gc, windows-amd64)
# Problematic frame:
# C  [jniopencv_core.dll+0xda5b9]
#
# No core dump will be written. Minidumps are not enabled by default on client versions of Windows
#
# If you would like to submit a bug report, please visit:
#   https://bugreport.java.com/bugreport/crash.jsp
# The crash happened outside the Java Virtual Machine in native code.
# See problematic frame for where to report the bug.
#

---------------  S U M M A R Y ------------

Command Line: -javaagent:D:\IntelliJ IDEA Community Edition 2025.1.3\lib\idea_rt.jar=58993 -Dfile.encoding=UTF-8 -Dsun.stdout.encoding=UTF-8 -Dsun.stderr.encoding=UTF-8 com.stitching.imageStitching.CylinderStitcherEnhanced

Host: 12th Gen Intel(R) Core(TM) i5-1240P, 16 cores, 15G,  Windows 11 , 64 bit Build 26100 (10.0.26100.7019)
Time: Thu Nov 27 03:04:16 2025 SE Asia Standard Time elapsed time: 15.699592 seconds (0d 0h 0m 15s)

---------------  T H R E A D  ---------------

Current thread (0x00000228c93433b0):  JavaThread "main"             [_thread_in_native, id=6792, stack(0x0000004a02800000,0x0000004a02900000) (1024K)]

Stack: [0x0000004a02800000,0x0000004a02900000],  sp=0x0000004a028ff360,  free space=1020k
Native frames: (J=compiled Java code, j=interpreted, Vv=VM code, C=native code)
C  [jniopencv_core.dll+0xda5b9]

Java frames: (J=compiled Java code, j=interpreted, Vv=VM code)
J 1716  org.bytedeco.opencv.opencv_core.DMatch.queryIdx()I (0 bytes) @ 0x00000228dab2aff3 [0x00000228dab2afa0+0x0000000000000053]
j  com.stitching.imageStitching.CylinderStitcherEnhanced.analyzeMatchDirection(Ljava/util/List;Lcom/stitching/imageStitching/ImageNode;Lcom/stitching/imageStitching/ImageNode;)Lcom/stitching/imageStitching/CylinderStitcherEnhanced$ImageRelation;+63
j  com.stitching.imageStitching.CylinderStitcherEnhanced.sortImagesByDirection(Ljava/util/List;Lcom/stitching/imageStitching/matchAndTransform/FeatureMatcherWrapper;)V+337
j  com.stitching.imageStitching.CylinderStitcherEnhanced.main([Ljava/lang/String;)V+352
v  ~StubRoutines::call_stub 0x00000228da23100d

siginfo: EXCEPTION_ACCESS_VIOLATION (0xc0000005), reading address 0x00000228f03f8b60


Registers:
RAX=0x0000000000000000, RBX=0x00000228eb94f7e0, RCX=0x00000228c9343770, RDX=0x0000004a028ff3b0
RSP=0x0000004a028ff360, RBP=0x0000004a028ff3f0, RSI=0x00000228f03f8b60, RDI=0x0000004a028ff3b0
R8 =0x0000000000000062, R9 =0x000000070bbf6e60, R10=0x00007ffccc4064b0, R11=0x0000000000000010
R12=0x0000000000000000, R13=0x0000004a028ff400, R14=0x0000000000000000, R15=0x00000228c93433b0
RIP=0x00007ffcec3ea5b9, EFLAGS=0x0000000000010246


Register to memory mapping:

RAX=0x0 is null
RBX={method} {0x00000228eb94f7e8} 'queryIdx' '()I' in 'org/bytedeco/opencv/opencv_core/DMatch'
RCX=0x00000228c9343770 points into unknown readable memory: 0x00007ffccc382640 | 40 26 38 cc fc 7f 00 00
RDX=0x0000004a028ff3b0 is pointing into the stack for thread: 0x00000228c93433b0
RSP=0x0000004a028ff360 is pointing into the stack for thread: 0x00000228c93433b0
RBP=0x0000004a028ff3f0 is pointing into the stack for thread: 0x00000228c93433b0
RSI=0x00000228f03f8b60 is an unknown value
RDI=0x0000004a028ff3b0 is pointing into the stack for thread: 0x00000228c93433b0
R8 =0x0000000000000062 is an unknown value
R9 =0x000000070bbf6e60 is an oop: org.bytedeco.opencv.opencv_core.DMatch 
{0x000000070bbf6e60} - klass: 'org/bytedeco/opencv/opencv_core/DMatch'
 - ---- fields (total size 6 words):
 - private 'deallocator' 'Lorg/bytedeco/javacpp/Pointer$Deallocator;' @12  null (0x00000000)
 - protected 'address' 'J' @16  2374852643680 (0x00000228f03f8b60)
 - protected 'position' 'J' @24  0 (0x0000000000000000)
 - protected 'limit' 'J' @32  0 (0x0000000000000000)
 - protected 'capacity' 'J' @40  0 (0x0000000000000000)
R10=0x00007ffccc4064b0 jvm.dll
R11=0x0000000000000010 is an unknown value
R12=0x0 is null
R13=0x0000004a028ff400 is pointing into the stack for thread: 0x00000228c93433b0
R14=0x0 is null
R15=0x00000228c93433b0 is a thread

Top of Stack: (sp=0x0000004a028ff360)
0x0000004a028ff360:   00000228da2389d2 0000000000000000
0x0000004a028ff370:   0000000000000000 0000000713fea098
0x0000004a028ff380:   0000000713fea0aa 00000228dab2b086
0x0000004a028ff390:   00000228eb94f7e0 0000000000000000
0x0000004a028ff3a0:   0000000713fea0c8 0000004a028ff3a8
0x0000004a028ff3b0:   000000070bbf6e60 0000000000000002
0x0000004a028ff3c0:   00000228ebaf8b10 0000000000000000
0x0000004a028ff3d0:   0000000704980c88 00000228eb40d6d8
0x0000004a028ff3e0:   0000000000000000 0000004a028ff400
0x0000004a028ff3f0:   0000004a028ff458 00000228da238988
0x0000004a028ff400:   000000070bbf6e60 0000000707239030
0x0000004a028ff410:   0000004a028ff410 00000228eb409baf
0x0000004a028ff420:   000000000000001a 00000228eb40bb10
0x0000004a028ff430:   0000000000000000 0000000704980698
0x0000004a028ff440:   00000228eb409e78 0000004a028ff400
0x0000004a028ff450:   0000004a028ff518 0000004a028ff578
0x0000004a028ff460:   00000228da2389d2 0000000000000000
0x0000004a028ff470:   0000000000000000 0000000000000000
0x0000004a028ff480:   0000000000000000 0000000000000000
0x0000004a028ff490:   0000000000000000 0000000000000000
0x0000004a028ff4a0:   0000000000000000 0000000000000000
0x0000004a028ff4b0:   0000000000000000 000000070bbf6e60
0x0000004a028ff4c0:   0000000000000000 0000000000000190
0x0000004a028ff4d0:   0000000000000000 0000000000000000
0x0000004a028ff4e0:   0000000000000000 0000000000000000
0x0000004a028ff4f0:   0000000000000000 0000000000000000
0x0000004a028ff500:   0000000000000000 0000000000000000
0x0000004a028ff510:   0000000713fea0c8 0000000705ece5f8
0x0000004a028ff520:   0000000707b8e820 000000070bbf5d38
0x0000004a028ff530:   0000004a028ff530 00000228eb40a0a9
0x0000004a028ff540:   0000000000000019 00000228eb40bb10
0x0000004a028ff550:   0000000000000000 0000000704980698 

Instructions: (pc=0x00007ffcec3ea5b9)
0x00007ffcec3ea4b9:   18 48 89 4c 24 08 57 48 83 ec 30 49 8b f8 48 8b
0x00007ffcec3ea4c9:   f2 48 8b d9 b8 10 00 00 00 48 f7 e7 48 c7 c1 ff
0x00007ffcec3ea4d9:   ff ff ff 48 0f 40 c1 48 8b c8 e8 40 02 0d 00 48
0x00007ffcec3ea4e9:   8d 0d 41 b0 f2 ff 48 89 4c 24 28 48 89 44 24 20
0x00007ffcec3ea4f9:   4c 8b cf 4c 8b c0 48 8b d6 48 8b cb e8 36 90 f2
0x00007ffcec3ea509:   ff 90 48 8b 5c 24 48 48 8b 74 24 50 48 83 c4 30
0x00007ffcec3ea519:   5f c3 48 8b 54 24 58 48 85 d2 74 0b 48 8b 4c 24
0x00007ffcec3ea529:   40 48 8b 01 ff 50 68 48 8b 5c 24 48 48 8b 74 24
0x00007ffcec3ea539:   50 48 83 c4 30 5f c3 48 89 5c 24 08 48 89 74 24
0x00007ffcec3ea549:   10 57 48 83 ec 20 48 8b 01 48 8b fa 4c 8b 05 a4
0x00007ffcec3ea559:   3c 1b 00 48 8b d9 ff 90 28 03 00 00 48 8b f0 48
0x00007ffcec3ea569:   8b cb 48 85 c0 75 2e 8d 50 08 e8 48 8c f2 ff 4c
0x00007ffcec3ea579:   8b 0b 4c 8d 05 66 d5 0d 00 48 8b d0 48 8b cb 41
0x00007ffcec3ea589:   ff 51 70 33 c0 48 8b 5c 24 30 48 8b 74 24 38 48
0x00007ffcec3ea599:   83 c4 20 5f c3 48 8b 03 48 8b d7 4c 8b 05 9d 3c
0x00007ffcec3ea5a9:   1b 00 ff 90 28 03 00 00 48 8b 5c 24 30 48 03 c0
0x00007ffcec3ea5b9:   8b 04 c6 48 8b 74 24 38 48 83 c4 20 5f c3 cc cc
0x00007ffcec3ea5c9:   cc cc cc cc cc cc cc 48 89 5c 24 08 48 89 6c 24
0x00007ffcec3ea5d9:   10 48 89 74 24 18 57 48 83 ec 20 48 8b 01 41 8b
0x00007ffcec3ea5e9:   e8 4c 8b 05 0f 3c 1b 00 48 8b fa 48 8b d9 ff 90
0x00007ffcec3ea5f9:   28 03 00 00 48 8b f0 48 8b cb 48 85 c0 75 20 8d
0x00007ffcec3ea609:   50 08 e8 b0 8b f2 ff 4c 8b 0b 4c 8d 05 ce d4 0d
0x00007ffcec3ea619:   00 48 8b d0 48 8b cb 41 ff 51 70 33 c0 eb 1c 48
0x00007ffcec3ea629:   8b 03 48 8b d7 4c 8b 05 13 3c 1b 00 ff 90 28 03
0x00007ffcec3ea639:   00 00 48 03 c0 89 2c c6 48 8b c7 48 8b 5c 24 30
0x00007ffcec3ea649:   48 8b 6c 24 38 48 8b 74 24 40 48 83 c4 20 5f c3
0x00007ffcec3ea659:   cc cc cc cc cc cc cc 48 89 5c 24 08 48 89 74 24
0x00007ffcec3ea669:   10 57 48 83 ec 20 48 8b 01 48 8b fa 4c 8b 05 84
0x00007ffcec3ea679:   3b 1b 00 48 8b d9 ff 90 28 03 00 00 48 8b f0 48
0x00007ffcec3ea689:   8b cb 48 85 c0 75 2e 8d 50 08 e8 28 8b f2 ff 4c
0x00007ffcec3ea699:   8b 0b 4c 8d 05 46 d4 0d 00 48 8b d0 48 8b cb 41
0x00007ffcec3ea6a9:   ff 51 70 33 c0 48 8b 5c 24 30 48 8b 74 24 38 48 


Stack slot to memory mapping:

stack at sp + 0 slots: 0x00000228da2389d2 is at code_begin+1554 in an Interpreter codelet
return entry points  [0x00000228da2383c0, 0x00000228da238f60]  2976 bytes
stack at sp + 1 slots: 0x0 is null
stack at sp + 2 slots: 0x0 is null
stack at sp + 3 slots: 0x0000000713fea098 is an oop: [B 
{0x0000000713fea098} - klass: {type array byte}
 - length: 3
stack at sp + 4 slots: 
[error occurred during error reporting (inspecting top of stack), id 0xc0000005, EXCEPTION_ACCESS_VIOLATION (0xc0000005) at pc=0x00007ffccb8fe2b1]
stack at sp + 5 slots: 0x00000228dab2b086 is at entry_point+230 in (nmethod*)0x00000228dab2ae10
Compiled method (n/a)   15739 1716     n 0       org.bytedeco.opencv.opencv_core.DMatch::queryIdx (native)
 total in heap  [0x00000228dab2ae10,0x00000228dab2b1d0] = 960
 relocation     [0x00000228dab2af70,0x00000228dab2afa0] = 48
 main code      [0x00000228dab2afa0,0x00000228dab2b1c2] = 546
 stub code      [0x00000228dab2b1c2,0x00000228dab2b1c8] = 6
 oops           [0x00000228dab2b1c8,0x00000228dab2b1d0] = 8
stack at sp + 6 slots: {method} {0x00000228eb94f7e8} 'queryIdx' '()I' in 'org/bytedeco/opencv/opencv_core/DMatch'
stack at sp + 7 slots: 0x0 is null


Compiled method (n/a)   15740 1716     n 0       org.bytedeco.opencv.opencv_core.DMatch::queryIdx (native)
 total in heap  [0x00000228dab2ae10,0x00000228dab2b1d0] = 960
 relocation     [0x00000228dab2af70,0x00000228dab2afa0] = 48
 main code      [0x00000228dab2afa0,0x00000228dab2b1c2] = 546
 stub code      [0x00000228dab2b1c2,0x00000228dab2b1c8] = 6
 oops           [0x00000228dab2b1c8,0x00000228dab2b1d0] = 8

[Constant Pool (empty)]

[MachCode]
[Entry Point]
  # {method} {0x00000228eb94f7e8} 'queryIdx' '()I' in 'org/bytedeco/opencv/opencv_core/DMatch'
  #           [sp+0x70]  (sp of caller)
  0x00000228dab2afa0: 448b 5208 | 49bb 0000 | 0080 2802 | 0000 4d03 | d349 3bc2 | 0f84 0600 

  0x00000228dab2afb8: ;   {runtime_call ic_miss_stub}
  0x00000228dab2afb8: 0000 e9c1 | 3775 ff90 
[Verified Entry Point]
  0x00000228dab2afc0: 8984 2400 | 80ff ff55 | 488b ec48 | 83ec 6090 | 4181 7f20 | 0100 0000 

  0x00000228dab2afd8: ;   {runtime_call StubRoutines (final stubs)}
  0x00000228dab2afd8: 7405 e881 | 9d73 ff48 | 8954 2420 | 4883 fa00 | 488d 5424 | 2048 0f44 | 5424 20c5 

  0x00000228dab2aff4: ;   {internal_word}
  0x00000228dab2aff4: f877 49ba | f3af b2da | 2802 0000 | 4d89 97a8 | 0300 0049 | 89a7 a003 

  0x00000228dab2b00c: ;   {external_word}
  0x00000228dab2b00c: 0000 49ba | c087 3ecc | fc7f 0000 | 4180 3a00 | 0f84 4600 

  0x00000228dab2b020: ;   {metadata({method} {0x00000228eb94f7e8} 'queryIdx' '()I' in 'org/bytedeco/opencv/opencv_core/DMatch')}
  0x00000228dab2b020: 0000 5248 | bae0 f794 | eb28 0200 | 0049 8bcf | 4883 ec20 | 40f6 c40f | 0f84 1900 | 0000 4883 
  0x00000228dab2b040: ;   {runtime_call}
  0x00000228dab2b040: ec08 48b8 | 901e efcb | fc7f 0000 | ffd0 4883 | c408 e90c 

  0x00000228dab2b054: ;   {runtime_call}
  0x00000228dab2b054: 0000 0048 | b890 1eef | cbfc 7f00 | 00ff d048 | 83c4 205a | 498d 8fc0 | 0300 0041 | c787 4c04 
  0x00000228dab2b074: 0000 0400 

  0x00000228dab2b078: ;   {runtime_call}
  0x00000228dab2b078: 0000 48b8 | 40a5 3eec | fc7f 0000 | ffd0 c5f8 | 7741 c787 | 4c04 0000 | 0500 0000 | f083 4424 
  0x00000228dab2b098: c000 493b | af50 0400 | 000f 870e | 0000 0041 | 83bf 4804 | 0000 000f | 842b 0000 | 00c5 f877 
  0x00000228dab2b0b8: 4889 45f8 | 498b cf4c | 8be4 4883 | ec20 4883 

  0x00000228dab2b0c8: ;   {runtime_call}
  0x00000228dab2b0c8: e4f0 48b8 | 60cb bacb | fc7f 0000 | ffd0 498b | e44d 33e4 | 488b 45f8 | 41c7 874c | 0400 0008 
  0x00000228dab2b0e8: 0000 0041 | 83bf c804 | 0000 020f | 849c 0000 

  0x00000228dab2b0f8: ;   {external_word}
  0x00000228dab2b0f8: 0049 bac0 | 873e ccfc | 7f00 0041 | 803a 000f | 844c 0000 | 0048 8945 

  0x00000228dab2b110: ;   {metadata({method} {0x00000228eb94f7e8} 'queryIdx' '()I' in 'org/bytedeco/opencv/opencv_core/DMatch')}
  0x00000228dab2b110: f848 bae0 | f794 eb28 | 0200 0049 | 8bcf 4883 | ec20 40f6 | c40f 0f84 | 1900 0000 | 4883 ec08 
  0x00000228dab2b130: ;   {runtime_call}
  0x00000228dab2b130: 48b8 901e | efcb fc7f | 0000 ffd0 | 4883 c408 | e90c 0000 

  0x00000228dab2b144: ;   {runtime_call}
  0x00000228dab2b144: 0048 b890 | 1eef cbfc | 7f00 00ff | d048 83c4 | 2048 8b45 | f849 c787 | a003 0000 | 0000 0000 
  0x00000228dab2b164: 49c7 87a8 | 0300 0000 | 0000 00c5 | f877 498b | 8f30 0400 | 00c7 8100 | 0100 0000 | 0000 00c9 
  0x00000228dab2b184: 4983 7f08 | 000f 8501 | 0000 00c3 

  0x00000228dab2b190: ;   {runtime_call StubRoutines (initial stubs)}
  0x00000228dab2b190: e96b 5d70 | ffc5 f877 | 4889 45f8 | 4c8b e448 | 83ec 2048 

  0x00000228dab2b1a4: ;   {runtime_call}
  0x00000228dab2b1a4: 83e4 f048 | b840 56ef | cbfc 7f00 | 00ff d049 | 8be4 4d33 | e448 8b45 | f8e9 37ff | ffff f4f4 
  0x00000228dab2b1c4: f4f4 f4f4 
[/MachCode]


---------------  P R O C E S S  ---------------

Threads class SMR info:
_java_thread_list=0x00000228ef080990, length=13, elements={
0x00000228c93433b0, 0x00000228ea121740, 0x00000228ea1282c0, 0x00000228ea12ce10,
0x00000228ea12dd50, 0x00000228ea12e620, 0x00000228ef00a1d0, 0x00000228ef00be80,
0x00000228ef0118b0, 0x00000228ef268dd0, 0x00000228ef2ec6b0, 0x00000228efe49c50,
0x00000228efe55720
}

Java Threads: ( => current thread )
=>0x00000228c93433b0 JavaThread "main"                              [_thread_in_native, id=6792, stack(0x0000004a02800000,0x0000004a02900000) (1024K)]
  0x00000228ea121740 JavaThread "Reference Handler"          daemon [_thread_blocked, id=15628, stack(0x0000004a03000000,0x0000004a03100000) (1024K)]
  0x00000228ea1282c0 JavaThread "Finalizer"                  daemon [_thread_blocked, id=7912, stack(0x0000004a03100000,0x0000004a03200000) (1024K)]
  0x00000228ea12ce10 JavaThread "Signal Dispatcher"          daemon [_thread_blocked, id=2296, stack(0x0000004a03200000,0x0000004a03300000) (1024K)]
  0x00000228ea12dd50 JavaThread "Attach Listener"            daemon [_thread_blocked, id=11716, stack(0x0000004a03300000,0x0000004a03400000) (1024K)]
  0x00000228ea12e620 JavaThread "Service Thread"             daemon [_thread_blocked, id=2448, stack(0x0000004a03400000,0x0000004a03500000) (1024K)]
  0x00000228ef00a1d0 JavaThread "Monitor Deflation Thread"   daemon [_thread_blocked, id=10412, stack(0x0000004a03500000,0x0000004a03600000) (1024K)]
  0x00000228ef00be80 JavaThread "C2 CompilerThread0"         daemon [_thread_blocked, id=2176, stack(0x0000004a03600000,0x0000004a03700000) (1024K)]
  0x00000228ef0118b0 JavaThread "C1 CompilerThread0"         daemon [_thread_blocked, id=6048, stack(0x0000004a03700000,0x0000004a03800000) (1024K)]
  0x00000228ef268dd0 JavaThread "Common-Cleaner"             daemon [_thread_blocked, id=2800, stack(0x0000004a03d00000,0x0000004a03e00000) (1024K)]
  0x00000228ef2ec6b0 JavaThread "Monitor Ctrl-Break"         daemon [_thread_in_native, id=13360, stack(0x0000004a03e00000,0x0000004a03f00000) (1024K)]
  0x00000228efe49c50 JavaThread "Notification Thread"        daemon [_thread_blocked, id=14468, stack(0x0000004a03f00000,0x0000004a04000000) (1024K)]
  0x00000228efe55720 JavaThread "JavaCPP Deallocator"        daemon [_thread_blocked, id=4788, stack(0x0000004a04000000,0x0000004a04100000) (1024K)]
Total: 13

Other Threads:
  0x00000228ea109c30 VMThread "VM Thread"                           [id=9236, stack(0x0000004a02f00000,0x0000004a03000000) (1024K)]
  0x00000228ea0f41c0 WatcherThread "VM Periodic Task Thread"        [id=17932, stack(0x0000004a02e00000,0x0000004a02f00000) (1024K)]
  0x00000228c93ab330 WorkerThread "GC Thread#0"                     [id=17544, stack(0x0000004a02900000,0x0000004a02a00000) (1024K)]
  0x00000228f02947e0 WorkerThread "GC Thread#1"                     [id=16444, stack(0x0000004a04300000,0x0000004a04400000) (1024K)]
  0x00000228f03ac800 WorkerThread "GC Thread#2"                     [id=12480, stack(0x0000004a04400000,0x0000004a04500000) (1024K)]
  0x00000228f03ac0a0 WorkerThread "GC Thread#3"                     [id=12372, stack(0x0000004a04500000,0x0000004a04600000) (1024K)]
  0x00000228f03ac450 WorkerThread "GC Thread#4"                     [id=14552, stack(0x0000004a04600000,0x0000004a04700000) (1024K)]
  0x00000228f03ad6c0 WorkerThread "GC Thread#5"                     [id=14532, stack(0x0000004a04700000,0x0000004a04800000) (1024K)]
  0x00000228f0616d30 WorkerThread "GC Thread#6"                     [id=17768, stack(0x0000004a03800000,0x0000004a03900000) (1024K)]
  0x00000228f0615ac0 WorkerThread "GC Thread#7"                     [id=10724, stack(0x0000004a03900000,0x0000004a03a00000) (1024K)]
  0x00000228c93bcd20 ConcurrentGCThread "G1 Main Marker"            [id=9016, stack(0x0000004a02a00000,0x0000004a02b00000) (1024K)]
  0x00000228c93bd830 WorkerThread "G1 Conc#0"                       [id=2828, stack(0x0000004a02b00000,0x0000004a02c00000) (1024K)]
  0x00000228c93ee9e0 ConcurrentGCThread "G1 Refine#0"               [id=1572, stack(0x0000004a02c00000,0x0000004a02d00000) (1024K)]
  0x00000228e9fc6560 ConcurrentGCThread "G1 Service"                [id=18016, stack(0x0000004a02d00000,0x0000004a02e00000) (1024K)]
Total: 14

Threads with active compile tasks:
Total: 0

VM state: not at safepoint (normal execution)

VM Mutex/Monitor currently owned by a thread: None

Heap address: 0x0000000704800000, size: 4024 MB, Compressed Oops mode: Zero based, Oop shift amount: 3

CDS archive(s) mapped at: [0x0000022880000000-0x0000022880c90000-0x0000022880c90000), size 13172736, SharedBaseAddress: 0x0000022880000000, ArchiveRelocationMode: 1.
Compressed class space mapped at: 0x0000022881000000-0x00000228c1000000, reserved size: 1073741824
Narrow klass base: 0x0000022880000000, Narrow klass shift: 0, Narrow klass range: 0x100000000

GC Precious Log:
 CardTable entry size: 512
 Card Set container configuration: InlinePtr #cards 4 size 8 Array Of Cards #cards 16 size 48 Howl #buckets 8 coarsen threshold 3686 Howl Bitmap #cards 512 size 80 coarsen threshold 460 Card regions per heap region 1 cards per card region 4096
 CPUs: 16 total, 16 available
 Memory: 16088M
 Large Page Support: Disabled
 NUMA Support: Disabled
 Compressed Oops: Enabled (Zero based)
 Heap Region Size: 2M
 Heap Min Capacity: 8M
 Heap Initial Capacity: 252M
 Heap Max Capacity: 4024M
 Pre-touch: Disabled
 Parallel Workers: 13
 Concurrent Workers: 3
 Concurrent Refinement Workers: 13
 Periodic GC: Disabled

Heap:
 garbage-first heap   total 258048K, used 79706K [0x0000000704800000, 0x0000000800000000)
  region size 2048K, 11 young (22528K), 8 survivors (16384K)
 Metaspace       used 9938K, committed 10112K, reserved 1114112K
  class space    used 531K, committed 640K, reserved 1048576K

Heap Regions: E=young(eden), S=young(survivor), O=old, HS=humongous(starts), HC=humongous(continues), CS=collection set, F=free, TAMS=top-at-mark-start, PB=parsable bottom
|   0|0x0000000704800000, 0x0000000704a00000, 0x0000000704a00000|100%| O|  |TAMS 0x0000000704800000| PB 0x0000000704800000| Untracked 
|   1|0x0000000704a00000, 0x0000000704a00000, 0x0000000704c00000|  0%| F|  |TAMS 0x0000000704a00000| PB 0x0000000704a00000| Untracked 
|   2|0x0000000704c00000, 0x0000000704c00000, 0x0000000704e00000|  0%| F|  |TAMS 0x0000000704c00000| PB 0x0000000704c00000| Untracked 
|   3|0x0000000704e00000, 0x0000000705000000, 0x0000000705000000|100%| O|  |TAMS 0x0000000704e00000| PB 0x0000000704e00000| Untracked 
|   4|0x0000000705000000, 0x0000000705200000, 0x0000000705200000|100%| O|  |TAMS 0x0000000705000000| PB 0x0000000705000000| Untracked 
|   5|0x0000000705200000, 0x0000000705400000, 0x0000000705400000|100%| O|  |TAMS 0x0000000705200000| PB 0x0000000705200000| Untracked 
|   6|0x0000000705400000, 0x0000000705600000, 0x0000000705600000|100%| O|  |TAMS 0x0000000705400000| PB 0x0000000705400000| Untracked 
|   7|0x0000000705600000, 0x000000070573dd70, 0x0000000705800000| 62%| O|  |TAMS 0x0000000705600000| PB 0x0000000705600000| Untracked 
|   8|0x0000000705800000, 0x0000000705800000, 0x0000000705a00000|  0%| F|  |TAMS 0x0000000705800000| PB 0x0000000705800000| Untracked 
|   9|0x0000000705a00000, 0x0000000705a00000, 0x0000000705c00000|  0%| F|  |TAMS 0x0000000705a00000| PB 0x0000000705a00000| Untracked 
|  10|0x0000000705c00000, 0x0000000705e00000, 0x0000000705e00000|100%| O|  |TAMS 0x0000000705c00000| PB 0x0000000705c00000| Untracked 
|  11|0x0000000705e00000, 0x0000000706000000, 0x0000000706000000|100%| O|  |TAMS 0x0000000705e00000| PB 0x0000000705e00000| Untracked 
|  12|0x0000000706000000, 0x0000000706200000, 0x0000000706200000|100%| O|  |TAMS 0x0000000706000000| PB 0x0000000706000000| Untracked 
|  13|0x0000000706200000, 0x0000000706400000, 0x0000000706400000|100%| O|  |TAMS 0x0000000706200000| PB 0x0000000706200000| Untracked 
|  14|0x0000000706400000, 0x0000000706600000, 0x0000000706600000|100%| O|  |TAMS 0x0000000706400000| PB 0x0000000706400000| Untracked 
|  15|0x0000000706600000, 0x0000000706800000, 0x0000000706800000|100%| O|  |TAMS 0x0000000706600000| PB 0x0000000706600000| Untracked 
|  16|0x0000000706800000, 0x0000000706a00000, 0x0000000706a00000|100%| O|  |TAMS 0x0000000706800000| PB 0x0000000706800000| Untracked 
|  17|0x0000000706a00000, 0x0000000706c00000, 0x0000000706c00000|100%| O|  |TAMS 0x0000000706a00000| PB 0x0000000706a00000| Untracked 
|  18|0x0000000706c00000, 0x0000000706e00000, 0x0000000706e00000|100%| O|  |TAMS 0x0000000706c00000| PB 0x0000000706c00000| Untracked 
|  19|0x0000000706e00000, 0x0000000707000000, 0x0000000707000000|100%| O|  |TAMS 0x0000000706e00000| PB 0x0000000706e00000| Untracked 
|  20|0x0000000707000000, 0x0000000707200000, 0x0000000707200000|100%| O|  |TAMS 0x0000000707000000| PB 0x0000000707000000| Untracked 
|  21|0x0000000707200000, 0x0000000707400000, 0x0000000707400000|100%| O|  |TAMS 0x0000000707200000| PB 0x0000000707200000| Untracked 
|  22|0x0000000707400000, 0x0000000707600000, 0x0000000707600000|100%| O|  |TAMS 0x0000000707400000| PB 0x0000000707400000| Untracked 
|  23|0x0000000707600000, 0x0000000707800000, 0x0000000707800000|100%| O|  |TAMS 0x0000000707600000| PB 0x0000000707600000| Untracked 
|  24|0x0000000707800000, 0x0000000707a00000, 0x0000000707a00000|100%| O|  |TAMS 0x0000000707800000| PB 0x0000000707800000| Untracked 
|  25|0x0000000707a00000, 0x0000000707c00000, 0x0000000707c00000|100%| O|  |TAMS 0x0000000707a00000| PB 0x0000000707a00000| Untracked 
|  26|0x0000000707c00000, 0x0000000707e00000, 0x0000000707e00000|100%| O|  |TAMS 0x0000000707c00000| PB 0x0000000707c00000| Untracked 
|  27|0x0000000707e00000, 0x0000000708000000, 0x0000000708000000|100%| O|  |TAMS 0x0000000707e00000| PB 0x0000000707e00000| Untracked 
|  28|0x0000000708000000, 0x0000000708200000, 0x0000000708200000|100%| O|  |TAMS 0x0000000708000000| PB 0x0000000708000000| Untracked 
|  29|0x0000000708200000, 0x0000000708400000, 0x0000000708400000|100%| O|  |TAMS 0x0000000708200000| PB 0x0000000708200000| Untracked 
|  30|0x0000000708400000, 0x0000000708600000, 0x0000000708600000|100%| O|  |TAMS 0x0000000708400000| PB 0x0000000708400000| Untracked 
|  31|0x0000000708600000, 0x0000000708800000, 0x0000000708800000|100%| O|  |TAMS 0x0000000708600000| PB 0x0000000708600000| Untracked 
|  32|0x0000000708800000, 0x0000000708a00000, 0x0000000708a00000|100%| O|  |TAMS 0x0000000708800000| PB 0x0000000708800000| Untracked 
|  33|0x0000000708a00000, 0x0000000708c00000, 0x0000000708c00000|100%| O|  |TAMS 0x0000000708a00000| PB 0x0000000708a00000| Untracked 
|  34|0x0000000708c00000, 0x0000000708c00000, 0x0000000708e00000|  0%| F|  |TAMS 0x0000000708c00000| PB 0x0000000708c00000| Untracked 
|  35|0x0000000708e00000, 0x0000000708e00000, 0x0000000709000000|  0%| F|  |TAMS 0x0000000708e00000| PB 0x0000000708e00000| Untracked 
|  36|0x0000000709000000, 0x0000000709000000, 0x0000000709200000|  0%| F|  |TAMS 0x0000000709000000| PB 0x0000000709000000| Untracked 
|  37|0x0000000709200000, 0x0000000709200000, 0x0000000709400000|  0%| F|  |TAMS 0x0000000709200000| PB 0x0000000709200000| Untracked 
|  38|0x0000000709400000, 0x0000000709400000, 0x0000000709600000|  0%| F|  |TAMS 0x0000000709400000| PB 0x0000000709400000| Untracked 
|  39|0x0000000709600000, 0x0000000709600000, 0x0000000709800000|  0%| F|  |TAMS 0x0000000709600000| PB 0x0000000709600000| Untracked 
|  40|0x0000000709800000, 0x0000000709800000, 0x0000000709a00000|  0%| F|  |TAMS 0x0000000709800000| PB 0x0000000709800000| Untracked 
|  41|0x0000000709a00000, 0x0000000709a00000, 0x0000000709c00000|  0%| F|  |TAMS 0x0000000709a00000| PB 0x0000000709a00000| Untracked 
|  42|0x0000000709c00000, 0x0000000709c00000, 0x0000000709e00000|  0%| F|  |TAMS 0x0000000709c00000| PB 0x0000000709c00000| Untracked 
|  43|0x0000000709e00000, 0x0000000709e00000, 0x000000070a000000|  0%| F|  |TAMS 0x0000000709e00000| PB 0x0000000709e00000| Untracked 
|  44|0x000000070a000000, 0x000000070a000000, 0x000000070a200000|  0%| F|  |TAMS 0x000000070a000000| PB 0x000000070a000000| Untracked 
|  45|0x000000070a200000, 0x000000070a200000, 0x000000070a400000|  0%| F|  |TAMS 0x000000070a200000| PB 0x000000070a200000| Untracked 
|  46|0x000000070a400000, 0x000000070a400000, 0x000000070a600000|  0%| F|  |TAMS 0x000000070a400000| PB 0x000000070a400000| Untracked 
|  47|0x000000070a600000, 0x000000070a600000, 0x000000070a800000|  0%| F|  |TAMS 0x000000070a600000| PB 0x000000070a600000| Untracked 
|  48|0x000000070a800000, 0x000000070a800000, 0x000000070aa00000|  0%| F|  |TAMS 0x000000070a800000| PB 0x000000070a800000| Untracked 
|  49|0x000000070aa00000, 0x000000070aa00000, 0x000000070ac00000|  0%| F|  |TAMS 0x000000070aa00000| PB 0x000000070aa00000| Untracked 
|  50|0x000000070ac00000, 0x000000070ac00000, 0x000000070ae00000|  0%| F|  |TAMS 0x000000070ac00000| PB 0x000000070ac00000| Untracked 
|  51|0x000000070ae00000, 0x000000070ae00000, 0x000000070b000000|  0%| F|  |TAMS 0x000000070ae00000| PB 0x000000070ae00000| Untracked 
|  52|0x000000070b000000, 0x000000070b000000, 0x000000070b200000|  0%| F|  |TAMS 0x000000070b000000| PB 0x000000070b000000| Untracked 
|  53|0x000000070b200000, 0x000000070b200000, 0x000000070b400000|  0%| F|  |TAMS 0x000000070b200000| PB 0x000000070b200000| Untracked 
|  54|0x000000070b400000, 0x000000070b498ab8, 0x000000070b600000| 29%| S|CS|TAMS 0x000000070b400000| PB 0x000000070b400000| Complete 
|  55|0x000000070b600000, 0x000000070b800000, 0x000000070b800000|100%| S|CS|TAMS 0x000000070b600000| PB 0x000000070b600000| Complete 
|  56|0x000000070b800000, 0x000000070ba00000, 0x000000070ba00000|100%| S|CS|TAMS 0x000000070b800000| PB 0x000000070b800000| Complete 
|  57|0x000000070ba00000, 0x000000070bc00000, 0x000000070bc00000|100%| S|CS|TAMS 0x000000070ba00000| PB 0x000000070ba00000| Complete 
|  58|0x000000070bc00000, 0x000000070be00000, 0x000000070be00000|100%| S|CS|TAMS 0x000000070bc00000| PB 0x000000070bc00000| Complete 
|  59|0x000000070be00000, 0x000000070c000000, 0x000000070c000000|100%| S|CS|TAMS 0x000000070be00000| PB 0x000000070be00000| Complete 
|  60|0x000000070c000000, 0x000000070c200000, 0x000000070c200000|100%| S|CS|TAMS 0x000000070c000000| PB 0x000000070c000000| Complete 
|  61|0x000000070c200000, 0x000000070c400000, 0x000000070c400000|100%| S|CS|TAMS 0x000000070c200000| PB 0x000000070c200000| Complete 
|  62|0x000000070c400000, 0x000000070c400000, 0x000000070c600000|  0%| F|  |TAMS 0x000000070c400000| PB 0x000000070c400000| Untracked 
|  63|0x000000070c600000, 0x000000070c600000, 0x000000070c800000|  0%| F|  |TAMS 0x000000070c600000| PB 0x000000070c600000| Untracked 
|  64|0x000000070c800000, 0x000000070c800000, 0x000000070ca00000|  0%| F|  |TAMS 0x000000070c800000| PB 0x000000070c800000| Untracked 
|  65|0x000000070ca00000, 0x000000070ca00000, 0x000000070cc00000|  0%| F|  |TAMS 0x000000070ca00000| PB 0x000000070ca00000| Untracked 
|  66|0x000000070cc00000, 0x000000070cc00000, 0x000000070ce00000|  0%| F|  |TAMS 0x000000070cc00000| PB 0x000000070cc00000| Untracked 
|  67|0x000000070ce00000, 0x000000070ce00000, 0x000000070d000000|  0%| F|  |TAMS 0x000000070ce00000| PB 0x000000070ce00000| Untracked 
|  68|0x000000070d000000, 0x000000070d000000, 0x000000070d200000|  0%| F|  |TAMS 0x000000070d000000| PB 0x000000070d000000| Untracked 
|  69|0x000000070d200000, 0x000000070d200000, 0x000000070d400000|  0%| F|  |TAMS 0x000000070d200000| PB 0x000000070d200000| Untracked 
|  70|0x000000070d400000, 0x000000070d400000, 0x000000070d600000|  0%| F|  |TAMS 0x000000070d400000| PB 0x000000070d400000| Untracked 
|  71|0x000000070d600000, 0x000000070d600000, 0x000000070d800000|  0%| F|  |TAMS 0x000000070d600000| PB 0x000000070d600000| Untracked 
|  72|0x000000070d800000, 0x000000070d800000, 0x000000070da00000|  0%| F|  |TAMS 0x000000070d800000| PB 0x000000070d800000| Untracked 
|  73|0x000000070da00000, 0x000000070da00000, 0x000000070dc00000|  0%| F|  |TAMS 0x000000070da00000| PB 0x000000070da00000| Untracked 
|  74|0x000000070dc00000, 0x000000070dc00000, 0x000000070de00000|  0%| F|  |TAMS 0x000000070dc00000| PB 0x000000070dc00000| Untracked 
|  75|0x000000070de00000, 0x000000070de00000, 0x000000070e000000|  0%| F|  |TAMS 0x000000070de00000| PB 0x000000070de00000| Untracked 
|  76|0x000000070e000000, 0x000000070e000000, 0x000000070e200000|  0%| F|  |TAMS 0x000000070e000000| PB 0x000000070e000000| Untracked 
|  77|0x000000070e200000, 0x000000070e200000, 0x000000070e400000|  0%| F|  |TAMS 0x000000070e200000| PB 0x000000070e200000| Untracked 
|  78|0x000000070e400000, 0x000000070e400000, 0x000000070e600000|  0%| F|  |TAMS 0x000000070e400000| PB 0x000000070e400000| Untracked 
|  79|0x000000070e600000, 0x000000070e600000, 0x000000070e800000|  0%| F|  |TAMS 0x000000070e600000| PB 0x000000070e600000| Untracked 
|  80|0x000000070e800000, 0x000000070e800000, 0x000000070ea00000|  0%| F|  |TAMS 0x000000070e800000| PB 0x000000070e800000| Untracked 
|  81|0x000000070ea00000, 0x000000070ea00000, 0x000000070ec00000|  0%| F|  |TAMS 0x000000070ea00000| PB 0x000000070ea00000| Untracked 
|  82|0x000000070ec00000, 0x000000070ec00000, 0x000000070ee00000|  0%| F|  |TAMS 0x000000070ec00000| PB 0x000000070ec00000| Untracked 
|  83|0x000000070ee00000, 0x000000070ee00000, 0x000000070f000000|  0%| F|  |TAMS 0x000000070ee00000| PB 0x000000070ee00000| Untracked 
|  84|0x000000070f000000, 0x000000070f000000, 0x000000070f200000|  0%| F|  |TAMS 0x000000070f000000| PB 0x000000070f000000| Untracked 
|  85|0x000000070f200000, 0x000000070f200000, 0x000000070f400000|  0%| F|  |TAMS 0x000000070f200000| PB 0x000000070f200000| Untracked 
|  86|0x000000070f400000, 0x000000070f400000, 0x000000070f600000|  0%| F|  |TAMS 0x000000070f400000| PB 0x000000070f400000| Untracked 
|  87|0x000000070f600000, 0x000000070f600000, 0x000000070f800000|  0%| F|  |TAMS 0x000000070f600000| PB 0x000000070f600000| Untracked 
|  88|0x000000070f800000, 0x000000070f800000, 0x000000070fa00000|  0%| F|  |TAMS 0x000000070f800000| PB 0x000000070f800000| Untracked 
|  89|0x000000070fa00000, 0x000000070fa00000, 0x000000070fc00000|  0%| F|  |TAMS 0x000000070fa00000| PB 0x000000070fa00000| Untracked 
|  90|0x000000070fc00000, 0x000000070fc00000, 0x000000070fe00000|  0%| F|  |TAMS 0x000000070fc00000| PB 0x000000070fc00000| Untracked 
|  91|0x000000070fe00000, 0x000000070fe00000, 0x0000000710000000|  0%| F|  |TAMS 0x000000070fe00000| PB 0x000000070fe00000| Untracked 
|  92|0x0000000710000000, 0x0000000710000000, 0x0000000710200000|  0%| F|  |TAMS 0x0000000710000000| PB 0x0000000710000000| Untracked 
|  93|0x0000000710200000, 0x0000000710200000, 0x0000000710400000|  0%| F|  |TAMS 0x0000000710200000| PB 0x0000000710200000| Untracked 
|  94|0x0000000710400000, 0x0000000710400000, 0x0000000710600000|  0%| F|  |TAMS 0x0000000710400000| PB 0x0000000710400000| Untracked 
|  95|0x0000000710600000, 0x0000000710600000, 0x0000000710800000|  0%| F|  |TAMS 0x0000000710600000| PB 0x0000000710600000| Untracked 
|  96|0x0000000710800000, 0x0000000710800000, 0x0000000710a00000|  0%| F|  |TAMS 0x0000000710800000| PB 0x0000000710800000| Untracked 
|  97|0x0000000710a00000, 0x0000000710a00000, 0x0000000710c00000|  0%| F|  |TAMS 0x0000000710a00000| PB 0x0000000710a00000| Untracked 
|  98|0x0000000710c00000, 0x0000000710c00000, 0x0000000710e00000|  0%| F|  |TAMS 0x0000000710c00000| PB 0x0000000710c00000| Untracked 
|  99|0x0000000710e00000, 0x0000000710e00000, 0x0000000711000000|  0%| F|  |TAMS 0x0000000710e00000| PB 0x0000000710e00000| Untracked 
| 100|0x0000000711000000, 0x0000000711000000, 0x0000000711200000|  0%| F|  |TAMS 0x0000000711000000| PB 0x0000000711000000| Untracked 
| 101|0x0000000711200000, 0x0000000711200000, 0x0000000711400000|  0%| F|  |TAMS 0x0000000711200000| PB 0x0000000711200000| Untracked 
| 102|0x0000000711400000, 0x0000000711400000, 0x0000000711600000|  0%| F|  |TAMS 0x0000000711400000| PB 0x0000000711400000| Untracked 
| 103|0x0000000711600000, 0x0000000711600000, 0x0000000711800000|  0%| F|  |TAMS 0x0000000711600000| PB 0x0000000711600000| Untracked 
| 104|0x0000000711800000, 0x0000000711800000, 0x0000000711a00000|  0%| F|  |TAMS 0x0000000711800000| PB 0x0000000711800000| Untracked 
| 105|0x0000000711a00000, 0x0000000711a00000, 0x0000000711c00000|  0%| F|  |TAMS 0x0000000711a00000| PB 0x0000000711a00000| Untracked 
| 106|0x0000000711c00000, 0x0000000711c00000, 0x0000000711e00000|  0%| F|  |TAMS 0x0000000711c00000| PB 0x0000000711c00000| Untracked 
| 107|0x0000000711e00000, 0x0000000711e00000, 0x0000000712000000|  0%| F|  |TAMS 0x0000000711e00000| PB 0x0000000711e00000| Untracked 
| 108|0x0000000712000000, 0x0000000712000000, 0x0000000712200000|  0%| F|  |TAMS 0x0000000712000000| PB 0x0000000712000000| Untracked 
| 109|0x0000000712200000, 0x0000000712200000, 0x0000000712400000|  0%| F|  |TAMS 0x0000000712200000| PB 0x0000000712200000| Untracked 
| 110|0x0000000712400000, 0x0000000712400000, 0x0000000712600000|  0%| F|  |TAMS 0x0000000712400000| PB 0x0000000712400000| Untracked 
| 111|0x0000000712600000, 0x0000000712600000, 0x0000000712800000|  0%| F|  |TAMS 0x0000000712600000| PB 0x0000000712600000| Untracked 
| 112|0x0000000712800000, 0x0000000712800000, 0x0000000712a00000|  0%| F|  |TAMS 0x0000000712800000| PB 0x0000000712800000| Untracked 
| 113|0x0000000712a00000, 0x0000000712a00000, 0x0000000712c00000|  0%| F|  |TAMS 0x0000000712a00000| PB 0x0000000712a00000| Untracked 
| 114|0x0000000712c00000, 0x0000000712c00000, 0x0000000712e00000|  0%| F|  |TAMS 0x0000000712c00000| PB 0x0000000712c00000| Untracked 
| 115|0x0000000712e00000, 0x0000000712e00000, 0x0000000713000000|  0%| F|  |TAMS 0x0000000712e00000| PB 0x0000000712e00000| Untracked 
| 116|0x0000000713000000, 0x0000000713000000, 0x0000000713200000|  0%| F|  |TAMS 0x0000000713000000| PB 0x0000000713000000| Untracked 
| 117|0x0000000713200000, 0x0000000713200000, 0x0000000713400000|  0%| F|  |TAMS 0x0000000713200000| PB 0x0000000713200000| Untracked 
| 118|0x0000000713400000, 0x0000000713400000, 0x0000000713600000|  0%| F|  |TAMS 0x0000000713400000| PB 0x0000000713400000| Untracked 
| 119|0x0000000713600000, 0x0000000713600000, 0x0000000713800000|  0%| F|  |TAMS 0x0000000713600000| PB 0x0000000713600000| Untracked 
| 120|0x0000000713800000, 0x0000000713800000, 0x0000000713a00000|  0%| F|  |TAMS 0x0000000713800000| PB 0x0000000713800000| Untracked 
| 121|0x0000000713a00000, 0x0000000713a00000, 0x0000000713c00000|  0%| F|  |TAMS 0x0000000713a00000| PB 0x0000000713a00000| Untracked 
| 122|0x0000000713c00000, 0x0000000713c00000, 0x0000000713e00000|  0%| F|  |TAMS 0x0000000713c00000| PB 0x0000000713c00000| Untracked 
| 123|0x0000000713e00000, 0x0000000714000000, 0x0000000714000000|100%| E|  |TAMS 0x0000000713e00000| PB 0x0000000713e00000| Complete 
| 124|0x0000000714000000, 0x0000000714200000, 0x0000000714200000|100%| E|CS|TAMS 0x0000000714000000| PB 0x0000000714000000| Complete 
| 125|0x0000000714200000, 0x0000000714400000, 0x0000000714400000|100%| E|CS|TAMS 0x0000000714200000| PB 0x0000000714200000| Complete 

Card table byte_map: [0x00000228e3580000,0x00000228e3d60000] _byte_map_base: 0x00000228dfd5c000

Marking Bits: (CMBitMap*) 0x00000228c93aba40
 Bits: [0x00000228e3d60000, 0x00000228e7c40000)

Polling page: 0x00000228c9070000

Metaspace:

Usage:
  Non-class:      9.19 MB used.
      Class:    531.48 KB used.
       Both:      9.71 MB used.

Virtual space:
  Non-class space:       64.00 MB reserved,       9.25 MB ( 14%) committed,  1 nodes.
      Class space:        1.00 GB reserved,     640.00 KB ( <1%) committed,  1 nodes.
             Both:        1.06 GB reserved,       9.88 MB ( <1%) committed. 

Chunk freelists:
   Non-Class:  4.96 MB
       Class:  15.34 MB
        Both:  20.30 MB

MaxMetaspaceSize: unlimited
CompressedClassSpaceSize: 1.00 GB
Initial GC threshold: 21.00 MB
Current GC threshold: 21.00 MB
CDS: on
 - commit_granule_bytes: 65536.
 - commit_granule_words: 8192.
 - virtual_space_node_default_size: 8388608.
 - enlarge_chunks_in_place: 1.
 - use_allocation_guard: 0.


Internal statistics:

num_allocs_failed_limit: 0.
num_arena_births: 100.
num_arena_deaths: 0.
num_vsnodes_births: 2.
num_vsnodes_deaths: 0.
num_space_committed: 156.
num_space_uncommitted: 0.
num_chunks_returned_to_freelist: 0.
num_chunks_taken_from_freelist: 363.
num_chunk_merges: 0.
num_chunk_splits: 298.
num_chunks_enlarged: 248.
num_inconsistent_stats: 0.

CodeHeap 'non-profiled nmethods': size=119168Kb used=1822Kb max_used=1822Kb free=117345Kb
 bounds [0x00000228da980000, 0x00000228dabf0000, 0x00000228e1de0000]
CodeHeap 'profiled nmethods': size=119104Kb used=3744Kb max_used=3744Kb free=115360Kb
 bounds [0x00000228d2de0000, 0x00000228d3190000, 0x00000228da230000]
CodeHeap 'non-nmethods': size=7488Kb used=2203Kb max_used=3961Kb free=5284Kb
 bounds [0x00000228da230000, 0x00000228da630000, 0x00000228da980000]
 total_blobs=2950 nmethods=1862 adapters=993
 compilation: enabled
              stopped_count=0, restarted_count=0
 full_count=0

Compilation events (20 events):
Event: 6.457 Thread 0x00000228ef0118b0 nmethod 1844 0x00000228d317c490 code [0x00000228d317c780, 0x00000228d317d6a0]
Event: 6.457 Thread 0x00000228ef0118b0 1849       3       jdk.internal.org.objectweb.asm.Type::getTypeInternal (218 bytes)
Event: 6.457 Thread 0x00000229e7589420 nmethod 1848 0x00000228d317dc10 code [0x00000228d317dda0, 0x00000228d317deb0]
Event: 6.457 Thread 0x00000229e7589420 1852       3       java.lang.invoke.InvokerBytecodeGenerator::getInternalName (103 bytes)
Event: 6.457 Thread 0x00000229e7589420 nmethod 1852 0x00000228d317df10 code [0x00000228d317e120, 0x00000228d317e678]
Event: 6.457 Thread 0x00000229e7589420 1853       3       jdk.internal.org.objectweb.asm.MethodVisitor::<init> (78 bytes)
Event: 6.458 Thread 0x00000228ef0118b0 nmethod 1849 0x00000228d317e790 code [0x00000228d317eae0, 0x00000228d317fd98]
Event: 6.458 Thread 0x00000229e7589420 nmethod 1853 0x00000228d3180390 code [0x00000228d31805c0, 0x00000228d3180d88]
Event: 6.632 Thread 0x00000228ef0118b0 1856 %     3       com.stitching.imageStitching.matchAndTransform.FeatureMatcherWrapper::match @ 80 (282 bytes)
Event: 6.633 Thread 0x00000228ef0118b0 nmethod 1856% 0x00000228d3181010 code [0x00000228d31814c0, 0x00000228d3183690]
Event: 6.711 Thread 0x00000228ef0118b0 1857       3       com.stitching.imageStitching.matchAndTransform.FeatureMatcherWrapper::match (282 bytes)
Event: 6.713 Thread 0x00000228ef0118b0 nmethod 1857 0x00000228d3184390 code [0x00000228d31848a0, 0x00000228d3186e90]
Event: 7.005 Thread 0x00000228ef00be80 1858       4       java.lang.StringConcatHelper::newArray (40 bytes)
Event: 7.007 Thread 0x00000228ef00be80 nmethod 1858 0x00000228dab3a610 code [0x00000228dab3a7a0, 0x00000228dab3a8d8]
Event: 7.290 Thread 0x00000228ef00be80 1859 %     4       com.stitching.imageStitching.matchAndTransform.FeatureMatcherWrapper::match @ 80 (282 bytes)
Event: 7.320 Thread 0x00000228ef00be80 nmethod 1859% 0x00000228dab3a990 code [0x00000228dab3ae60, 0x00000228dab3e678]
Event: 7.434 Thread 0x00000228ef00be80 1860       4       com.stitching.imageStitching.matchAndTransform.FeatureMatcherWrapper::match (282 bytes)
Event: 7.469 Thread 0x00000228ef00be80 nmethod 1860 0x00000228dab40310 code [0x00000228dab40860, 0x00000228dab43f58]
Event: 8.347 Thread 0x00000228ef00be80 1861       4       java.util.HashMap::resize (356 bytes)
Event: 8.357 Thread 0x00000228ef00be80 nmethod 1861 0x00000228dab45e90 code [0x00000228dab460a0, 0x00000228dab46d28]

GC Heap History (12 events):
Event: 0.342 GC heap before
{Heap before GC invocations=0 (full 0):
 garbage-first heap   total 258048K, used 22528K [0x0000000704800000, 0x0000000800000000)
  region size 2048K, 11 young (22528K), 0 survivors (0K)
 Metaspace       used 2016K, committed 2112K, reserved 1114112K
  class space    used 151K, committed 192K, reserved 1048576K
}
Event: 0.346 GC heap after
{Heap after GC invocations=1 (full 0):
 garbage-first heap   total 258048K, used 5632K [0x0000000704800000, 0x0000000800000000)
  region size 2048K, 2 young (4096K), 2 survivors (4096K)
 Metaspace       used 2016K, committed 2112K, reserved 1114112K
  class space    used 151K, committed 192K, reserved 1048576K
}
Event: 0.600 GC heap before
{Heap before GC invocations=1 (full 0):
 garbage-first heap   total 258048K, used 42496K [0x0000000704800000, 0x0000000800000000)
  region size 2048K, 18 young (36864K), 2 survivors (4096K)
 Metaspace       used 6757K, committed 6976K, reserved 1114112K
  class space    used 186K, committed 320K, reserved 1048576K
}
Event: 0.602 GC heap after
{Heap after GC invocations=2 (full 0):
 garbage-first heap   total 258048K, used 6111K [0x0000000704800000, 0x0000000800000000)
  region size 2048K, 1 young (2048K), 1 survivors (2048K)
 Metaspace       used 6757K, committed 6976K, reserved 1114112K
  class space    used 186K, committed 320K, reserved 1048576K
}
Event: 1.936 GC heap before
{Heap before GC invocations=2 (full 0):
 garbage-first heap   total 258048K, used 161759K [0x0000000704800000, 0x0000000800000000)
  region size 2048K, 75 young (153600K), 1 survivors (2048K)
 Metaspace       used 9668K, committed 9856K, reserved 1114112K
  class space    used 505K, committed 640K, reserved 1048576K
}
Event: 1.953 GC heap after
{Heap after GC invocations=3 (full 0):
 garbage-first heap   total 258048K, used 20508K [0x0000000704800000, 0x0000000800000000)
  region size 2048K, 8 young (16384K), 8 survivors (16384K)
 Metaspace       used 9668K, committed 9856K, reserved 1114112K
  class space    used 505K, committed 640K, reserved 1048576K
}
Event: 3.662 GC heap before
{Heap before GC invocations=3 (full 0):
 garbage-first heap   total 258048K, used 176156K [0x0000000704800000, 0x0000000800000000)
  region size 2048K, 75 young (153600K), 8 survivors (16384K)
 Metaspace       used 9695K, committed 9920K, reserved 1114112K
  class space    used 505K, committed 640K, reserved 1048576K
}
Event: 3.686 GC heap after
{Heap after GC invocations=4 (full 0):
 garbage-first heap   total 258048K, used 53020K [0x0000000704800000, 0x0000000800000000)
  region size 2048K, 10 young (20480K), 10 survivors (20480K)
 Metaspace       used 9695K, committed 9920K, reserved 1114112K
  class space    used 505K, committed 640K, reserved 1048576K
}
Event: 5.093 GC heap before
{Heap before GC invocations=4 (full 0):
 garbage-first heap   total 258048K, used 179996K [0x0000000704800000, 0x0000000800000000)
  region size 2048K, 65 young (133120K), 10 survivors (20480K)
 Metaspace       used 9695K, committed 9920K, reserved 1114112K
  class space    used 505K, committed 640K, reserved 1048576K
}
Event: 5.113 GC heap after
{Heap after GC invocations=5 (full 0):
 garbage-first heap   total 258048K, used 72313K [0x0000000704800000, 0x0000000800000000)
  region size 2048K, 9 young (18432K), 9 survivors (18432K)
 Metaspace       used 9695K, committed 9920K, reserved 1114112K
  class space    used 505K, committed 640K, reserved 1048576K
}
Event: 15.026 GC heap before
{Heap before GC invocations=5 (full 0):
 garbage-first heap   total 258048K, used 189049K [0x0000000704800000, 0x0000000800000000)
  region size 2048K, 64 young (131072K), 9 survivors (18432K)
 Metaspace       used 9911K, committed 10112K, reserved 1114112K
  class space    used 527K, committed 640K, reserved 1048576K
}
Event: 15.049 GC heap after
{Heap after GC invocations=6 (full 0):
 garbage-first heap   total 258048K, used 75610K [0x0000000704800000, 0x0000000800000000)
  region size 2048K, 8 young (16384K), 8 survivors (16384K)
 Metaspace       used 9911K, committed 10112K, reserved 1114112K
  class space    used 527K, committed 640K, reserved 1048576K
}

Dll operation events (20 events):
Event: 0.398 Loaded shared library C:\Users\CONG\.javacpp\cache\javacpp-1.5.10-windows-x86_64.jar\org\bytedeco\javacpp\windows-x86_64\vcomp140.dll
Event: 0.400 Loaded shared library C:\Users\CONG\.javacpp\cache\javacpp-1.5.10-windows-x86_64.jar\org\bytedeco\javacpp\windows-x86_64\jnijavacpp.dll
Event: 0.465 Loaded shared library C:\Users\CONG\.javacpp\cache\openblas-0.3.26-1.5.10-windows-x86_64.jar\org\bytedeco\openblas\windows-x86_64\libopenblas_nolapack.dll
Event: 0.472 Loaded shared library C:\Users\CONG\.javacpp\cache\openblas-0.3.26-1.5.10-windows-x86_64.jar\org\bytedeco\openblas\windows-x86_64\jniopenblas_nolapack.dll
Event: 0.523 Loaded shared library C:\Users\CONG\.javacpp\cache\openblas-0.3.26-1.5.10-windows-x86_64.jar\org\bytedeco\openblas\windows-x86_64\libopenblas.dll
Event: 0.531 Loaded shared library C:\Users\CONG\.javacpp\cache\openblas-0.3.26-1.5.10-windows-x86_64.jar\org\bytedeco\openblas\windows-x86_64\jniopenblas.dll
Event: 0.767 Loaded shared library C:\Users\CONG\.javacpp\cache\opencv-4.9.0-1.5.10-windows-x86_64.jar\org\bytedeco\opencv\windows-x86_64\opencv_core490.dll
Event: 0.781 Loaded shared library C:\Users\CONG\.javacpp\cache\opencv-4.9.0-1.5.10-windows-x86_64.jar\org\bytedeco\opencv\windows-x86_64\opencv_imgproc490.dll
Event: 0.796 Loaded shared library C:\Users\CONG\.javacpp\cache\opencv-4.9.0-1.5.10-windows-x86_64.jar\org\bytedeco\opencv\windows-x86_64\jniopencv_core.dll
Event: 0.943 Loaded shared library C:\Users\CONG\.javacpp\cache\opencv-4.9.0-1.5.10-windows-x86_64.jar\org\bytedeco\opencv\windows-x86_64\jniopencv_imgproc.dll
Event: 0.961 Loaded shared library C:\Users\CONG\.javacpp\cache\opencv-4.9.0-1.5.10-windows-x86_64.jar\org\bytedeco\opencv\windows-x86_64\opencv_imgcodecs490.dll
Event: 0.963 Loaded shared library C:\Users\CONG\.javacpp\cache\opencv-4.9.0-1.5.10-windows-x86_64.jar\org\bytedeco\opencv\windows-x86_64\jniopencv_imgcodecs.dll
Event: 0.985 Loaded shared library C:\Users\CONG\.javacpp\cache\opencv-4.9.0-1.5.10-windows-x86_64.jar\org\bytedeco\opencv\windows-x86_64\opencv_videoio490.dll
Event: 0.988 Loaded shared library C:\Users\CONG\.javacpp\cache\opencv-4.9.0-1.5.10-windows-x86_64.jar\org\bytedeco\opencv\windows-x86_64\jniopencv_videoio.dll
Event: 0.998 Loaded shared library C:\Users\CONG\.javacpp\cache\opencv-4.9.0-1.5.10-windows-x86_64.jar\org\bytedeco\opencv\windows-x86_64\opencv_highgui490.dll
Event: 1.001 Loaded shared library C:\Users\CONG\.javacpp\cache\opencv-4.9.0-1.5.10-windows-x86_64.jar\org\bytedeco\opencv\windows-x86_64\jniopencv_highgui.dll
Event: 1.011 Loaded shared library C:\Users\CONG\.javacpp\cache\opencv-4.9.0-1.5.10-windows-x86_64.jar\org\bytedeco\opencv\windows-x86_64\opencv_flann490.dll
Event: 1.014 Loaded shared library C:\Users\CONG\.javacpp\cache\opencv-4.9.0-1.5.10-windows-x86_64.jar\org\bytedeco\opencv\windows-x86_64\jniopencv_flann.dll
Event: 1.025 Loaded shared library C:\Users\CONG\.javacpp\cache\opencv-4.9.0-1.5.10-windows-x86_64.jar\org\bytedeco\opencv\windows-x86_64\opencv_features2d490.dll
Event: 1.027 Loaded shared library C:\Users\CONG\.javacpp\cache\opencv-4.9.0-1.5.10-windows-x86_64.jar\org\bytedeco\opencv\windows-x86_64\jniopencv_features2d.dll

Deoptimization events (20 events):
Event: 5.638 Thread 0x00000228c93433b0 DEOPT PACKING pc=0x00000228dab35758 sp=0x0000004a028feea0
Event: 5.638 Thread 0x00000228c93433b0 DEOPT UNPACKING pc=0x00000228da2846a2 sp=0x0000004a028fee58 mode 2
Event: 5.638 Thread 0x00000228c93433b0 Uncommon trap: trap_request=0xffffffde fr.pc=0x00000228dab35758 relative=0x00000000000002f8
Event: 5.638 Thread 0x00000228c93433b0 Uncommon trap: reason=class_check action=maybe_recompile pc=0x00000228dab35758 method=java.util.regex.Pattern$BmpCharPropertyGreedy.match(Ljava/util/regex/Matcher;ILjava/lang/CharSequence;)Z @ 26 c2
Event: 5.638 Thread 0x00000228c93433b0 DEOPT PACKING pc=0x00000228dab35758 sp=0x0000004a028fec00
Event: 5.638 Thread 0x00000228c93433b0 DEOPT UNPACKING pc=0x00000228da2846a2 sp=0x0000004a028febb8 mode 2
Event: 5.638 Thread 0x00000228c93433b0 Uncommon trap: trap_request=0xffffffde fr.pc=0x00000228dab35758 relative=0x00000000000002f8
Event: 5.638 Thread 0x00000228c93433b0 Uncommon trap: reason=class_check action=maybe_recompile pc=0x00000228dab35758 method=java.util.regex.Pattern$BmpCharPropertyGreedy.match(Ljava/util/regex/Matcher;ILjava/lang/CharSequence;)Z @ 26 c2
Event: 5.638 Thread 0x00000228c93433b0 DEOPT PACKING pc=0x00000228dab35758 sp=0x0000004a028feb10
Event: 5.638 Thread 0x00000228c93433b0 DEOPT UNPACKING pc=0x00000228da2846a2 sp=0x0000004a028feac8 mode 2
Event: 6.355 Thread 0x00000228c93433b0 Uncommon trap: trap_request=0xffffff45 fr.pc=0x00000228daa19928 relative=0x0000000000000268
Event: 6.355 Thread 0x00000228c93433b0 Uncommon trap: reason=unstable_if action=reinterpret pc=0x00000228daa19928 method=java.lang.String.getChars(II[CI)V @ 24 c2
Event: 6.355 Thread 0x00000228c93433b0 DEOPT PACKING pc=0x00000228daa19928 sp=0x0000004a028ff1d0
Event: 6.355 Thread 0x00000228c93433b0 DEOPT UNPACKING pc=0x00000228da2846a2 sp=0x0000004a028ff190 mode 2
Event: 7.434 Thread 0x00000228c93433b0 DEOPT PACKING pc=0x00000228d3186bc6 sp=0x0000004a028ff380
Event: 7.434 Thread 0x00000228c93433b0 DEOPT UNPACKING pc=0x00000228da284e42 sp=0x0000004a028fe8f8 mode 0
Event: 15.067 Thread 0x00000228ea121740 Uncommon trap: trap_request=0xffffff45 fr.pc=0x00000228daafe1e0 relative=0x0000000000000480
Event: 15.067 Thread 0x00000228ea121740 Uncommon trap: reason=unstable_if action=reinterpret pc=0x00000228daafe1e0 method=java.lang.ref.ReferenceQueue.enqueue0(Ljava/lang/ref/Reference;)Z @ 45 c2
Event: 15.067 Thread 0x00000228ea121740 DEOPT PACKING pc=0x00000228daafe1e0 sp=0x0000004a030fefb0
Event: 15.067 Thread 0x00000228ea121740 DEOPT UNPACKING pc=0x00000228da2846a2 sp=0x0000004a030fef60 mode 2

Classes loaded (20 events):
Event: 1.150 Loading class java/lang/FdLibm
Event: 1.150 Loading class java/lang/FdLibm done
Event: 1.151 Loading class java/lang/FdLibm$Atan
Event: 1.151 Loading class java/lang/FdLibm$Atan done
Event: 5.522 Loading class java/util/Formatter$FixedString
Event: 5.523 Loading class java/util/Formatter$FixedString done
Event: 5.523 Loading class jdk/internal/math/FormattedFPDecimal
Event: 5.523 Loading class jdk/internal/math/FormattedFPDecimal done
Event: 5.524 Loading class jdk/internal/module/ModulePatcher$PatchedModuleReader
Event: 5.524 Loading class jdk/internal/module/ModulePatcher$PatchedModuleReader done
Event: 5.525 Loading class sun/net/www/protocol/jrt/Handler
Event: 5.525 Loading class sun/net/www/protocol/jrt/Handler done
Event: 5.529 Loading class sun/text/resources/cldr/FormatData_en
Event: 5.529 Loading class sun/text/resources/cldr/FormatData_en done
Event: 5.529 Loading class sun/text/resources/cldr/FormatData_en_US
Event: 5.529 Loading class sun/text/resources/cldr/FormatData_en_US done
Event: 15.687 Loading class java/util/LinkedList
Event: 15.687 Loading class java/util/AbstractSequentialList
Event: 15.687 Loading class java/util/AbstractSequentialList done
Event: 15.687 Loading class java/util/LinkedList done

Classes unloaded (0 events):
No events

Classes redefined (0 events):
No events

Internal exceptions (9 events):
Event: 0.191 Thread 0x00000228c93433b0 Exception <a 'java/lang/NoSuchMethodError'{0x000000071365e3c0}: 'void java.lang.invoke.DirectMethodHandle$Holder.invokeStatic(java.lang.Object, java.lang.Object, java.lang.Object)'> (0x000000071365e3c0) 
thrown [s\open\src\hotspot\share\interpreter\linkResolver.cpp, line 773]
Event: 0.196 Thread 0x00000228c93433b0 Exception <a 'java/lang/NoSuchMethodError'{0x0000000713675948}: 'java.lang.Object java.lang.invoke.Invokers$Holder.invokeExact_MT(java.lang.Object, java.lang.Object, java.lang.Object, java.lang.Object, java.lang.Object)'> (0x0000000713675948) 
thrown [s\open\src\hotspot\share\interpreter\linkResolver.cpp, line 773]
Event: 0.209 Thread 0x00000228c93433b0 Exception <a 'java/lang/NoSuchMethodError'{0x00000007136ba430}: 'java.lang.Object java.lang.invoke.Invokers$Holder.invokeExact_MT(java.lang.Object, java.lang.Object, java.lang.Object, java.lang.Object, java.lang.Object, java.lang.Object)'> (0x00000007136ba430) 
thrown [s\open\src\hotspot\share\interpreter\linkResolver.cpp, line 773]
Event: 0.214 Thread 0x00000228ef2ec6b0 Exception <a 'java/lang/NoSuchMethodError'{0x00000007136f3aa8}: 'void java.lang.invoke.DirectMethodHandle$Holder.invokeStatic(java.lang.Object, java.lang.Object)'> (0x00000007136f3aa8) 
thrown [s\open\src\hotspot\share\interpreter\linkResolver.cpp, line 773]
Event: 0.227 Thread 0x00000228c93433b0 Exception <a 'java/lang/NoSuchMethodError'{0x00000007137ac6a0}: 'int java.lang.invoke.DirectMethodHandle$Holder.invokeStaticInit(java.lang.Object, java.lang.Object, java.lang.Object, java.lang.Object)'> (0x00000007137ac6a0) 
thrown [s\open\src\hotspot\share\interpreter\linkResolver.cpp, line 773]
Event: 0.228 Thread 0x00000228c93433b0 Exception <a 'java/lang/NoSuchMethodError'{0x00000007137b5260}: 'java.lang.Object java.lang.invoke.DirectMethodHandle$Holder.invokeInterface(java.lang.Object, java.lang.Object)'> (0x00000007137b5260) 
thrown [s\open\src\hotspot\share\interpreter\linkResolver.cpp, line 773]
Event: 0.229 Thread 0x00000228c93433b0 Exception <a 'java/lang/IncompatibleClassChangeError'{0x00000007137b84d8}: Found class java.lang.Object, but interface was expected> (0x00000007137b84d8) 
thrown [s\open\src\hotspot\share\interpreter\linkResolver.cpp, line 840]
Event: 0.229 Thread 0x00000228c93433b0 Exception <a 'java/lang/NoSuchMethodError'{0x00000007137baf70}: 'void java.lang.invoke.DirectMethodHandle$Holder.invokeStaticInit(java.lang.Object, java.lang.Object)'> (0x00000007137baf70) 
thrown [s\open\src\hotspot\share\interpreter\linkResolver.cpp, line 773]
Event: 0.230 Thread 0x00000228c93433b0 Exception <a 'java/lang/NoSuchMethodError'{0x00000007137c0538}: 'int java.lang.invoke.DirectMethodHandle$Holder.invokeStaticInit(java.lang.Object, java.lang.Object)'> (0x00000007137c0538) 
thrown [s\open\src\hotspot\share\interpreter\linkResolver.cpp, line 773]

ZGC Phase Switch (0 events):
No events

VM Operations (20 events):
Event: 0.600 Executing VM operation: G1CollectForAllocation (G1 Evacuation Pause)
Event: 0.602 Executing VM operation: G1CollectForAllocation (G1 Evacuation Pause) done
Event: 1.607 Executing VM operation: Cleanup
Event: 1.607 Executing VM operation: Cleanup done
Event: 1.936 Executing VM operation: G1CollectForAllocation (G1 Evacuation Pause)
Event: 1.953 Executing VM operation: G1CollectForAllocation (G1 Evacuation Pause) done
Event: 3.662 Executing VM operation: G1CollectForAllocation (G1 Evacuation Pause)
Event: 3.686 Executing VM operation: G1CollectForAllocation (G1 Evacuation Pause) done
Event: 5.093 Executing VM operation: G1CollectForAllocation (G1 Evacuation Pause)
Event: 5.113 Executing VM operation: G1CollectForAllocation (G1 Evacuation Pause) done
Event: 5.525 Executing VM operation: HandshakeAllThreads (Deoptimize)
Event: 5.525 Executing VM operation: HandshakeAllThreads (Deoptimize) done
Event: 5.531 Executing VM operation: HandshakeAllThreads (Deoptimize)
Event: 5.531 Executing VM operation: HandshakeAllThreads (Deoptimize) done
Event: 6.528 Executing VM operation: Cleanup
Event: 6.528 Executing VM operation: Cleanup done
Event: 15.026 Executing VM operation: G1CollectForAllocation (G1 Evacuation Pause)
Event: 15.049 Executing VM operation: G1CollectForAllocation (G1 Evacuation Pause) done
Event: 15.687 Executing VM operation: HandshakeAllThreads (Deoptimize)
Event: 15.687 Executing VM operation: HandshakeAllThreads (Deoptimize) done

Events (20 events):
Event: 0.098 Thread 0x00000228ef22c570 Thread added: 0x00000228ef22c570
Event: 0.107 Thread 0x00000228ef268dd0 Thread added: 0x00000228ef268dd0
Event: 0.200 Thread 0x00000228ef2ec6b0 Thread added: 0x00000228ef2ec6b0
Event: 0.200 Thread 0x00000228efe49c50 Thread added: 0x00000228efe49c50
Event: 0.219 Thread 0x00000228efe55720 Thread added: 0x00000228efe55720
Event: 0.299 Thread 0x00000228efb7bfd0 Thread added: 0x00000228efb7bfd0
Event: 0.299 Thread 0x00000228efb7c680 Thread added: 0x00000228efb7c680
Event: 0.403 Thread 0x00000228f0c334f0 Thread added: 0x00000228f0c334f0
Event: 1.077 Thread 0x00000228f0c334f0 Thread exited: 0x00000228f0c334f0
Event: 1.699 Thread 0x00000228efb7c680 Thread exited: 0x00000228efb7c680
Event: 2.512 Thread 0x00000228ef2144b0 Thread exited: 0x00000228ef2144b0
Event: 3.552 Thread 0x00000228ef1fd2d0 Thread exited: 0x00000228ef1fd2d0
Event: 3.552 Thread 0x00000228ef0d8ff0 Thread exited: 0x00000228ef0d8ff0
Event: 3.686 Thread 0x00000228efb7bfd0 Thread exited: 0x00000228efb7bfd0
Event: 3.686 Thread 0x00000228ef22c570 Thread exited: 0x00000228ef22c570
Event: 5.407 Thread 0x00000228ef216b70 Thread exited: 0x00000228ef216b70
Event: 5.527 Thread 0x00000229e7589420 Thread added: 0x00000229e7589420
Event: 5.539 Thread 0x00000229f8840890 Thread added: 0x00000229f8840890
Event: 5.736 Thread 0x00000229f8840890 Thread exited: 0x00000229f8840890
Event: 7.006 Thread 0x00000229e7589420 Thread exited: 0x00000229e7589420


Dynamic libraries:
0x00007ff626dd0000 - 0x00007ff626de0000 	D:\JavaJDK\jdk-21\bin\java.exe
0x00007ffd66c20000 - 0x00007ffd66e88000 	C:\WINDOWS\SYSTEM32\ntdll.dll
0x00007ffd65120000 - 0x00007ffd651e9000 	C:\WINDOWS\System32\KERNEL32.DLL
0x00007ffd64100000 - 0x00007ffd644f8000 	C:\WINDOWS\System32\KERNELBASE.dll
0x00007ffd64500000 - 0x00007ffd6464b000 	C:\WINDOWS\System32\ucrtbase.dll
0x00007ffd4fc00000 - 0x00007ffd4fc19000 	D:\JavaJDK\jdk-21\bin\jli.dll
0x00007ffd4ddc0000 - 0x00007ffd4dddb000 	D:\JavaJDK\jdk-21\bin\VCRUNTIME140.dll
0x00007ffd661d0000 - 0x00007ffd66284000 	C:\WINDOWS\System32\ADVAPI32.dll
0x00007ffd64a50000 - 0x00007ffd64af9000 	C:\WINDOWS\System32\msvcrt.dll
0x00007ffd66030000 - 0x00007ffd660d6000 	C:\WINDOWS\System32\sechost.dll
0x00007ffd64e10000 - 0x00007ffd64f28000 	C:\WINDOWS\System32\RPCRT4.dll
0x00007ffd65c00000 - 0x00007ffd65dc7000 	C:\WINDOWS\System32\USER32.dll
0x00007ffd63f60000 - 0x00007ffd63f87000 	C:\WINDOWS\System32\win32u.dll
0x00007ffd650f0000 - 0x00007ffd6511b000 	C:\WINDOWS\System32\GDI32.dll
0x00007ffd4ce50000 - 0x00007ffd4d0e4000 	C:\WINDOWS\WinSxS\amd64_microsoft.windows.common-controls_6595b64144ccf1df_6.0.26100.7019_none_3e06ffa0e335b8a8\COMCTL32.dll
0x00007ffd63d70000 - 0x00007ffd63e9c000 	C:\WINDOWS\System32\gdi32full.dll
0x00007ffd647d0000 - 0x00007ffd64873000 	C:\WINDOWS\System32\msvcp_win.dll
0x00007ffd4d200000 - 0x00007ffd4d20b000 	C:\WINDOWS\SYSTEM32\VERSION.dll
0x00007ffd65690000 - 0x00007ffd656c1000 	C:\WINDOWS\System32\IMM32.DLL
0x00007ffd52460000 - 0x00007ffd5246c000 	D:\JavaJDK\jdk-21\bin\vcruntime140_1.dll
0x00007ffd2e090000 - 0x00007ffd2e11e000 	D:\JavaJDK\jdk-21\bin\msvcp140.dll
0x00007ffccb7c0000 - 0x00007ffccc4dd000 	D:\JavaJDK\jdk-21\bin\server\jvm.dll
0x00007ffd64cb0000 - 0x00007ffd64d24000 	C:\WINDOWS\System32\WS2_32.dll
0x00007ffd63bd0000 - 0x00007ffd63c2e000 	C:\WINDOWS\SYSTEM32\POWRPROF.dll
0x00007ffd4ed60000 - 0x00007ffd4ed95000 	C:\WINDOWS\SYSTEM32\WINMM.dll
0x00007ffd63bb0000 - 0x00007ffd63bc4000 	C:\WINDOWS\SYSTEM32\UMPDC.dll
0x00007ffd62b30000 - 0x00007ffd62b4b000 	C:\WINDOWS\SYSTEM32\kernel.appcore.dll
0x00007ffd523f0000 - 0x00007ffd523fa000 	D:\JavaJDK\jdk-21\bin\jimage.dll
0x00007ffd61460000 - 0x00007ffd616a2000 	C:\WINDOWS\SYSTEM32\DBGHELP.DLL
0x00007ffd65870000 - 0x00007ffd65bfb000 	C:\WINDOWS\System32\combase.dll
0x00007ffd65f50000 - 0x00007ffd66027000 	C:\WINDOWS\System32\OLEAUT32.dll
0x00007ffd3f820000 - 0x00007ffd3f85c000 	C:\WINDOWS\SYSTEM32\dbgcore.DLL
0x00007ffd64880000 - 0x00007ffd64925000 	C:\WINDOWS\System32\bcryptPrimitives.dll
0x00007ffd52370000 - 0x00007ffd5237f000 	D:\JavaJDK\jdk-21\bin\instrument.dll
0x00007ffd4dad0000 - 0x00007ffd4daef000 	D:\JavaJDK\jdk-21\bin\java.dll
0x00007ffd66470000 - 0x00007ffd66bbf000 	C:\WINDOWS\System32\SHELL32.dll
0x00007ffd63f90000 - 0x00007ffd640fb000 	C:\WINDOWS\System32\wintypes.dll
0x00007ffd61990000 - 0x00007ffd621ed000 	C:\WINDOWS\SYSTEM32\windows.storage.dll
0x00007ffd64b80000 - 0x00007ffd64c72000 	C:\WINDOWS\System32\SHCORE.dll
0x00007ffd66160000 - 0x00007ffd661c7000 	C:\WINDOWS\System32\shlwapi.dll
0x00007ffd63c90000 - 0x00007ffd63cb9000 	C:\WINDOWS\SYSTEM32\profapi.dll
0x00007ffd2dfb0000 - 0x00007ffd2e087000 	D:\JavaJDK\jdk-21\bin\jsvml.dll
0x00007ffd4d660000 - 0x00007ffd4d678000 	D:\JavaJDK\jdk-21\bin\zip.dll
0x00007ffd4ddb0000 - 0x00007ffd4ddc0000 	D:\JavaJDK\jdk-21\bin\net.dll
0x00007ffd54c60000 - 0x00007ffd54d88000 	C:\WINDOWS\SYSTEM32\WINHTTP.dll
0x00007ffd630a0000 - 0x00007ffd6310b000 	C:\WINDOWS\system32\mswsock.dll
0x00007ffd4d680000 - 0x00007ffd4d696000 	D:\JavaJDK\jdk-21\bin\nio.dll
0x00007ffd4da90000 - 0x00007ffd4da99000 	D:\JavaJDK\jdk-21\bin\extnet.dll
0x00000228c90b0000 - 0x00000228c90b4000 	C:\Users\CONG\.javacpp\cache\javacpp-1.5.10-windows-x86_64.jar\org\bytedeco\javacpp\windows-x86_64\api-ms-win-crt-locale-l1-1-0.dll
0x00000228c90c0000 - 0x00000228c90c5000 	C:\Users\CONG\.javacpp\cache\javacpp-1.5.10-windows-x86_64.jar\org\bytedeco\javacpp\windows-x86_64\api-ms-win-crt-string-l1-1-0.dll
0x00000228c90d0000 - 0x00000228c90d5000 	C:\Users\CONG\.javacpp\cache\javacpp-1.5.10-windows-x86_64.jar\org\bytedeco\javacpp\windows-x86_64\api-ms-win-crt-stdio-l1-1-0.dll
0x00000228c93f0000 - 0x00000228c93f6000 	C:\Users\CONG\.javacpp\cache\javacpp-1.5.10-windows-x86_64.jar\org\bytedeco\javacpp\windows-x86_64\api-ms-win-crt-math-l1-1-0.dll
0x00000228c9400000 - 0x00000228c9404000 	C:\Users\CONG\.javacpp\cache\javacpp-1.5.10-windows-x86_64.jar\org\bytedeco\javacpp\windows-x86_64\api-ms-win-crt-heap-l1-1-0.dll
0x00000228c9410000 - 0x00000228c9415000 	C:\Users\CONG\.javacpp\cache\javacpp-1.5.10-windows-x86_64.jar\org\bytedeco\javacpp\windows-x86_64\api-ms-win-crt-runtime-l1-1-0.dll
0x00000228c9420000 - 0x00000228c9425000 	C:\Users\CONG\.javacpp\cache\javacpp-1.5.10-windows-x86_64.jar\org\bytedeco\javacpp\windows-x86_64\api-ms-win-crt-convert-l1-1-0.dll
0x00000228c9430000 - 0x00000228c9434000 	C:\Users\CONG\.javacpp\cache\javacpp-1.5.10-windows-x86_64.jar\org\bytedeco\javacpp\windows-x86_64\api-ms-win-crt-environment-l1-1-0.dll
0x00000228c9440000 - 0x00000228c9444000 	C:\Users\CONG\.javacpp\cache\javacpp-1.5.10-windows-x86_64.jar\org\bytedeco\javacpp\windows-x86_64\api-ms-win-crt-time-l1-1-0.dll
0x00000228eadf0000 - 0x00000228eadf4000 	C:\Users\CONG\.javacpp\cache\javacpp-1.5.10-windows-x86_64.jar\org\bytedeco\javacpp\windows-x86_64\api-ms-win-crt-filesystem-l1-1-0.dll
0x00000228eae00000 - 0x00000228eae04000 	C:\Users\CONG\.javacpp\cache\javacpp-1.5.10-windows-x86_64.jar\org\bytedeco\javacpp\windows-x86_64\api-ms-win-crt-utility-l1-1-0.dll
0x00000228eae10000 - 0x00000228eae16000 	C:\Users\CONG\.javacpp\cache\javacpp-1.5.10-windows-x86_64.jar\org\bytedeco\javacpp\windows-x86_64\api-ms-win-crt-multibyte-l1-1-0.dll
0x00000228eae20000 - 0x00000228eae24000 	C:\Users\CONG\.javacpp\cache\javacpp-1.5.10-windows-x86_64.jar\org\bytedeco\javacpp\windows-x86_64\api-ms-win-crt-conio-l1-1-0.dll
0x00000228eae30000 - 0x00000228eae41000 	C:\Users\CONG\.javacpp\cache\javacpp-1.5.10-windows-x86_64.jar\org\bytedeco\javacpp\windows-x86_64\api-ms-win-crt-private-l1-1-0.dll
0x00000228eae50000 - 0x00000228eae54000 	C:\Users\CONG\.javacpp\cache\javacpp-1.5.10-windows-x86_64.jar\org\bytedeco\javacpp\windows-x86_64\api-ms-win-crt-process-l1-1-0.dll
0x00000228eae60000 - 0x00000228eae64000 	C:\Users\CONG\.javacpp\cache\javacpp-1.5.10-windows-x86_64.jar\org\bytedeco\javacpp\windows-x86_64\api-ms-win-core-console-l1-2-0.dll
0x00000228eae70000 - 0x00000228eae74000 	C:\Users\CONG\.javacpp\cache\javacpp-1.5.10-windows-x86_64.jar\org\bytedeco\javacpp\windows-x86_64\api-ms-win-core-string-l1-1-0.dll
0x00000228eae80000 - 0x00000228eae84000 	C:\Users\CONG\.javacpp\cache\javacpp-1.5.10-windows-x86_64.jar\org\bytedeco\javacpp\windows-x86_64\api-ms-win-core-errorhandling-l1-1-0.dll
0x00000228eae90000 - 0x00000228eae94000 	C:\Users\CONG\.javacpp\cache\javacpp-1.5.10-windows-x86_64.jar\org\bytedeco\javacpp\windows-x86_64\api-ms-win-core-timezone-l1-1-0.dll
0x00000228eaea0000 - 0x00000228eaea5000 	C:\Users\CONG\.javacpp\cache\javacpp-1.5.10-windows-x86_64.jar\org\bytedeco\javacpp\windows-x86_64\api-ms-win-core-file-l1-1-0.dll
0x00000228eaeb0000 - 0x00000228eaeb4000 	C:\Users\CONG\.javacpp\cache\javacpp-1.5.10-windows-x86_64.jar\org\bytedeco\javacpp\windows-x86_64\api-ms-win-core-namedpipe-l1-1-0.dll
0x00000228eaec0000 - 0x00000228eaec4000 	C:\Users\CONG\.javacpp\cache\javacpp-1.5.10-windows-x86_64.jar\org\bytedeco\javacpp\windows-x86_64\api-ms-win-core-handle-l1-1-0.dll
0x00000228eaed0000 - 0x00000228eaed4000 	C:\Users\CONG\.javacpp\cache\javacpp-1.5.10-windows-x86_64.jar\org\bytedeco\javacpp\windows-x86_64\api-ms-win-core-file-l2-1-0.dll
0x00000228eaee0000 - 0x00000228eaee4000 	C:\Users\CONG\.javacpp\cache\javacpp-1.5.10-windows-x86_64.jar\org\bytedeco\javacpp\windows-x86_64\api-ms-win-core-heap-l1-1-0.dll
0x00000228eaef0000 - 0x00000228eaef4000 	C:\Users\CONG\.javacpp\cache\javacpp-1.5.10-windows-x86_64.jar\org\bytedeco\javacpp\windows-x86_64\api-ms-win-core-libraryloader-l1-1-0.dll
0x00000228eaf00000 - 0x00000228eaf04000 	C:\Users\CONG\.javacpp\cache\javacpp-1.5.10-windows-x86_64.jar\org\bytedeco\javacpp\windows-x86_64\api-ms-win-core-synch-l1-1-0.dll
0x00000228eaf10000 - 0x00000228eaf14000 	C:\Users\CONG\.javacpp\cache\javacpp-1.5.10-windows-x86_64.jar\org\bytedeco\javacpp\windows-x86_64\api-ms-win-core-processthreads-l1-1-0.dll
0x00000228eaf20000 - 0x00000228eaf24000 	C:\Users\CONG\.javacpp\cache\javacpp-1.5.10-windows-x86_64.jar\org\bytedeco\javacpp\windows-x86_64\api-ms-win-core-processenvironment-l1-1-0.dll
0x00000228eaf30000 - 0x00000228eaf34000 	C:\Users\CONG\.javacpp\cache\javacpp-1.5.10-windows-x86_64.jar\org\bytedeco\javacpp\windows-x86_64\api-ms-win-core-datetime-l1-1-0.dll
0x00000228eaf40000 - 0x00000228eaf44000 	C:\Users\CONG\.javacpp\cache\javacpp-1.5.10-windows-x86_64.jar\org\bytedeco\javacpp\windows-x86_64\api-ms-win-core-localization-l1-2-0.dll
0x00000228eaf50000 - 0x00000228eaf54000 	C:\Users\CONG\.javacpp\cache\javacpp-1.5.10-windows-x86_64.jar\org\bytedeco\javacpp\windows-x86_64\api-ms-win-core-sysinfo-l1-1-0.dll
0x00000228eaf60000 - 0x00000228eaf64000 	C:\Users\CONG\.javacpp\cache\javacpp-1.5.10-windows-x86_64.jar\org\bytedeco\javacpp\windows-x86_64\api-ms-win-core-synch-l1-2-0.dll
0x00000228eaf70000 - 0x00000228eaf74000 	C:\Users\CONG\.javacpp\cache\javacpp-1.5.10-windows-x86_64.jar\org\bytedeco\javacpp\windows-x86_64\api-ms-win-core-console-l1-1-0.dll
0x00000228eaf80000 - 0x00000228eaf84000 	C:\Users\CONG\.javacpp\cache\javacpp-1.5.10-windows-x86_64.jar\org\bytedeco\javacpp\windows-x86_64\api-ms-win-core-debug-l1-1-0.dll
0x00000228eaf90000 - 0x00000228eaf94000 	C:\Users\CONG\.javacpp\cache\javacpp-1.5.10-windows-x86_64.jar\org\bytedeco\javacpp\windows-x86_64\api-ms-win-core-rtlsupport-l1-1-0.dll
0x00000228eafa0000 - 0x00000228eafa4000 	C:\Users\CONG\.javacpp\cache\javacpp-1.5.10-windows-x86_64.jar\org\bytedeco\javacpp\windows-x86_64\api-ms-win-core-processthreads-l1-1-1.dll
0x00000228eafb0000 - 0x00000228eafb4000 	C:\Users\CONG\.javacpp\cache\javacpp-1.5.10-windows-x86_64.jar\org\bytedeco\javacpp\windows-x86_64\api-ms-win-core-file-l1-2-0.dll
0x00000228eafc0000 - 0x00000228eafc4000 	C:\Users\CONG\.javacpp\cache\javacpp-1.5.10-windows-x86_64.jar\org\bytedeco\javacpp\windows-x86_64\api-ms-win-core-profile-l1-1-0.dll
0x00000228eafd0000 - 0x00000228eafd4000 	C:\Users\CONG\.javacpp\cache\javacpp-1.5.10-windows-x86_64.jar\org\bytedeco\javacpp\windows-x86_64\api-ms-win-core-memory-l1-1-0.dll
0x00000228eafe0000 - 0x00000228eafe4000 	C:\Users\CONG\.javacpp\cache\javacpp-1.5.10-windows-x86_64.jar\org\bytedeco\javacpp\windows-x86_64\api-ms-win-core-util-l1-1-0.dll
0x00000228eaff0000 - 0x00000228eaff4000 	C:\Users\CONG\.javacpp\cache\javacpp-1.5.10-windows-x86_64.jar\org\bytedeco\javacpp\windows-x86_64\api-ms-win-core-interlocked-l1-1-0.dll
0x00007ffcf11f0000 - 0x00007ffcf1301000 	C:\Users\CONG\.javacpp\cache\javacpp-1.5.10-windows-x86_64.jar\org\bytedeco\javacpp\windows-x86_64\ucrtbase.dll
0x00007ffd3c6f0000 - 0x00007ffd3c70b000 	C:\Users\CONG\.javacpp\cache\javacpp-1.5.10-windows-x86_64.jar\org\bytedeco\javacpp\windows-x86_64\vcruntime140.dll
0x00007ffd45400000 - 0x00007ffd4540c000 	C:\Users\CONG\.javacpp\cache\javacpp-1.5.10-windows-x86_64.jar\org\bytedeco\javacpp\windows-x86_64\vcruntime140_1.dll
0x00007ffd2de60000 - 0x00007ffd2deed000 	C:\Users\CONG\.javacpp\cache\javacpp-1.5.10-windows-x86_64.jar\org\bytedeco\javacpp\windows-x86_64\msvcp140.dll
0x00007ffd45300000 - 0x00007ffd45309000 	C:\Users\CONG\.javacpp\cache\javacpp-1.5.10-windows-x86_64.jar\org\bytedeco\javacpp\windows-x86_64\msvcp140_1.dll
0x00007ffd2de10000 - 0x00007ffd2de5e000 	C:\Users\CONG\.javacpp\cache\javacpp-1.5.10-windows-x86_64.jar\org\bytedeco\javacpp\windows-x86_64\concrt140.dll
0x00007ffd2df30000 - 0x00007ffd2df61000 	C:\Users\CONG\.javacpp\cache\javacpp-1.5.10-windows-x86_64.jar\org\bytedeco\javacpp\windows-x86_64\vcomp140.dll
0x00007ffd3f470000 - 0x00007ffd3f47f000 	C:\Users\CONG\.javacpp\cache\javacpp-1.5.10-windows-x86_64.jar\org\bytedeco\javacpp\windows-x86_64\jnijavacpp.dll
0x00007ffcc7a90000 - 0x00007ffcc96a9000 	C:\Users\CONG\.javacpp\cache\openblas-0.3.26-1.5.10-windows-x86_64.jar\org\bytedeco\openblas\windows-x86_64\libopenblas_nolapack.dll
0x00007ffd0b410000 - 0x00007ffd0b46f000 	C:\Users\CONG\.javacpp\cache\openblas-0.3.26-1.5.10-windows-x86_64.jar\org\bytedeco\openblas\windows-x86_64\jniopenblas_nolapack.dll
0x00007ffcab4f0000 - 0x00007ffcad109000 	C:\Users\CONG\.javacpp\cache\openblas-0.3.26-1.5.10-windows-x86_64.jar\org\bytedeco\openblas\windows-x86_64\libopenblas.dll
0x00007ffcb2bf0000 - 0x00007ffcb3fd3000 	C:\Users\CONG\.javacpp\cache\openblas-0.3.26-1.5.10-windows-x86_64.jar\org\bytedeco\openblas\windows-x86_64\jniopenblas.dll
0x00007ffcd3090000 - 0x00007ffcd3563000 	C:\Users\CONG\.javacpp\cache\opencv-4.9.0-1.5.10-windows-x86_64.jar\org\bytedeco\opencv\windows-x86_64\opencv_core490.dll
0x00007ffcccb60000 - 0x00007ffccd2f8000 	C:\Users\CONG\.javacpp\cache\opencv-4.9.0-1.5.10-windows-x86_64.jar\org\bytedeco\opencv\windows-x86_64\opencv_imgproc490.dll
0x00007ffcec310000 - 0x00007ffcec5b3000 	C:\Users\CONG\.javacpp\cache\opencv-4.9.0-1.5.10-windows-x86_64.jar\org\bytedeco\opencv\windows-x86_64\jniopencv_core.dll
0x00007ffcf0c80000 - 0x00007ffcf0da3000 	C:\Users\CONG\.javacpp\cache\opencv-4.9.0-1.5.10-windows-x86_64.jar\org\bytedeco\opencv\windows-x86_64\jniopencv_imgproc.dll
0x00007ffce8440000 - 0x00007ffce887e000 	C:\Users\CONG\.javacpp\cache\opencv-4.9.0-1.5.10-windows-x86_64.jar\org\bytedeco\opencv\windows-x86_64\opencv_imgcodecs490.dll
0x00007ffd2dbc0000 - 0x00007ffd2dbf7000 	C:\Users\CONG\.javacpp\cache\opencv-4.9.0-1.5.10-windows-x86_64.jar\org\bytedeco\opencv\windows-x86_64\jniopencv_imgcodecs.dll
0x00007ffcf0b80000 - 0x00007ffcf0c79000 	C:\Users\CONG\.javacpp\cache\opencv-4.9.0-1.5.10-windows-x86_64.jar\org\bytedeco\opencv\windows-x86_64\opencv_videoio490.dll
0x00007ffd656d0000 - 0x00007ffd65867000 	C:\WINDOWS\System32\ole32.dll
0x00007ffd58b00000 - 0x00007ffd58b99000 	C:\WINDOWS\SYSTEM32\MF.dll
0x00007ffd5e6f0000 - 0x00007ffd5e7c6000 	C:\WINDOWS\SYSTEM32\MFReadWrite.dll
0x00007ffd54a40000 - 0x00007ffd54c56000 	C:\WINDOWS\SYSTEM32\MFPlat.DLL
0x00007ffd5fa30000 - 0x00007ffd5fc92000 	C:\WINDOWS\SYSTEM32\d3d11.dll
0x00007ffd60ac0000 - 0x00007ffd60bf9000 	C:\WINDOWS\SYSTEM32\dxgi.dll
0x00007ffd638f0000 - 0x00007ffd63947000 	C:\WINDOWS\SYSTEM32\cfgmgr32.dll
0x00007ffd55160000 - 0x00007ffd55579000 	C:\WINDOWS\SYSTEM32\MFCORE.DLL
0x00007ffd54a00000 - 0x00007ffd54a3d000 	C:\WINDOWS\SYSTEM32\RTWorkQ.DLL
0x00007ffd2dde0000 - 0x00007ffd2de0d000 	C:\Users\CONG\.javacpp\cache\opencv-4.9.0-1.5.10-windows-x86_64.jar\org\bytedeco\opencv\windows-x86_64\jniopencv_videoio.dll
0x00007ffcf6720000 - 0x00007ffcf6792000 	C:\Users\CONG\.javacpp\cache\opencv-4.9.0-1.5.10-windows-x86_64.jar\org\bytedeco\opencv\windows-x86_64\opencv_highgui490.dll
0x00007ffd65dd0000 - 0x00007ffd65ec2000 	C:\WINDOWS\System32\COMDLG32.dll
0x00007ffd0b240000 - 0x00007ffd0b288000 	C:\Users\CONG\.javacpp\cache\opencv-4.9.0-1.5.10-windows-x86_64.jar\org\bytedeco\opencv\windows-x86_64\jniopencv_highgui.dll
0x00007ffcf0540000 - 0x00007ffcf0609000 	C:\Users\CONG\.javacpp\cache\opencv-4.9.0-1.5.10-windows-x86_64.jar\org\bytedeco\opencv\windows-x86_64\opencv_flann490.dll
0x00007ffd2b2c0000 - 0x00007ffd2b2e3000 	C:\Users\CONG\.javacpp\cache\opencv-4.9.0-1.5.10-windows-x86_64.jar\org\bytedeco\opencv\windows-x86_64\jniopencv_flann.dll
0x00007ffceae30000 - 0x00007ffceaf61000 	C:\Users\CONG\.javacpp\cache\opencv-4.9.0-1.5.10-windows-x86_64.jar\org\bytedeco\opencv\windows-x86_64\opencv_features2d490.dll
0x00007ffcfdc20000 - 0x00007ffcfdc84000 	C:\Users\CONG\.javacpp\cache\opencv-4.9.0-1.5.10-windows-x86_64.jar\org\bytedeco\opencv\windows-x86_64\jniopencv_features2d.dll

dbghelp: loaded successfully - version: 4.0.5 - missing functions: none
symbol engine: initialized successfully - sym options: 0x614 - pdb path: .;D:\JavaJDK\jdk-21\bin;C:\WINDOWS\SYSTEM32;C:\WINDOWS\WinSxS\amd64_microsoft.windows.common-controls_6595b64144ccf1df_6.0.26100.7019_none_3e06ffa0e335b8a8;D:\JavaJDK\jdk-21\bin\server;C:\Users\CONG\.javacpp\cache\javacpp-1.5.10-windows-x86_64.jar\org\bytedeco\javacpp\windows-x86_64;C:\Users\CONG\.javacpp\cache\openblas-0.3.26-1.5.10-windows-x86_64.jar\org\bytedeco\openblas\windows-x86_64;C:\Users\CONG\.javacpp\cache\opencv-4.9.0-1.5.10-windows-x86_64.jar\org\bytedeco\opencv\windows-x86_64

VM Arguments:
jvm_args: -javaagent:D:\IntelliJ IDEA Community Edition 2025.1.3\lib\idea_rt.jar=58993 -Dfile.encoding=UTF-8 -Dsun.stdout.encoding=UTF-8 -Dsun.stderr.encoding=UTF-8 
java_command: com.stitching.imageStitching.CylinderStitcherEnhanced
java_class_path (initial): D:\Hoctap_Code_PrivateProject\StitchingImage\target\classes;C:\Users\CONG\.m2\repository\org\springframework\boot\spring-boot-starter-web\4.0.0\spring-boot-starter-web-4.0.0.jar;C:\Users\CONG\.m2\repository\org\springframework\boot\spring-boot-starter-jackson\4.0.0\spring-boot-starter-jackson-4.0.0.jar;C:\Users\CONG\.m2\repository\org\springframework\boot\spring-boot-jackson\4.0.0\spring-boot-jackson-4.0.0.jar;C:\Users\CONG\.m2\repository\tools\jackson\core\jackson-databind\3.0.2\jackson-databind-3.0.2.jar;C:\Users\CONG\.m2\repository\com\fasterxml\jackson\core\jackson-annotations\2.20\jackson-annotations-2.20.jar;C:\Users\CONG\.m2\repository\tools\jackson\core\jackson-core\3.0.2\jackson-core-3.0.2.jar;C:\Users\CONG\.m2\repository\org\springframework\boot\spring-boot-starter-tomcat\4.0.0\spring-boot-starter-tomcat-4.0.0.jar;C:\Users\CONG\.m2\repository\org\springframework\boot\spring-boot-starter-tomcat-runtime\4.0.0\spring-boot-starter-tomcat-runtime-4.0.0.jar;C:\Users\CONG\.m2\repository\org\springframework\boot\spring-boot-web-server\4.0.0\spring-boot-web-server-4.0.0.jar;C:\Users\CONG\.m2\repository\org\apache\tomcat\embed\tomcat-embed-core\11.0.14\tomcat-embed-core-11.0.14.jar;C:\Users\CONG\.m2\repository\org\apache\tomcat\embed\tomcat-embed-el\11.0.14\tomcat-embed-el-11.0.14.jar;C:\Users\CONG\.m2\repository\org\apache\tomcat\embed\tomcat-embed-websocket\11.0.14\tomcat-embed-websocket-11.0.14.jar;C:\Users\CONG\.m2\repository\org\springframework\boot\spring-boot-tomcat\4.0.0\spring-boot-tomcat-4.0.0.jar;C:\Users\CONG\.m2\repository\org\springframework\boot\spring-boot-http-converter\4.0.0\spring-boot-http-converter-4.0.0.jar;C:\Users\CONG\.m2\repository\org\springframework\boot\spring-boot\4.0.0\spring-boot-4.0.0.jar;C:\Users\CONG\.m2\repository\org\springframework\spring-context\7.0.1\spring-context-7.0.1.jar;C:\Users\CONG\.m2\repository\org\springframework\spring-web\7.0.1\spring-web-7.0.1.jar;C:\Users\CONG\.m2\repository\org\springframework\spring-beans\7.0.1\spring-beans-7.0.1.jar;C:\Users\CONG\.m2\repository\io\micrometer\micrometer-observation\1.16.0\micrometer-observation-1.16.0.jar;C:\Users\CONG\.m2\repository\io\micrometer\micrometer-commons\1.16.0\micrometer-commons-1.16.0.jar;C:\Users\CONG\.m2\repository\org\springframework\boot\spring-boot-webmvc\4.0.0\spring-boot-webmvc-4.0.0.jar;C:\Users\CONG\.m2\repository\org\springframework\boot\spring-boot-servlet\4.0.0\spring-boot-servlet-4.0.0.jar;C:\Users\CONG\.m2\repository\org\springframework\spring-webmvc\7.0.1\spring-webmvc-7.0.1.jar;C:\Users\CONG\.m2\repository\org\springframework\spring-aop\7.0.1\spring-aop-7.0.1.jar;C:\Users\CONG\.m2\repository\org\springframework\spring-expression\7.0.1\spring-expression-7.0.1.jar;C:\Users\CONG\.m2\repository\org\projectlombok\lombok\1.18.42\lombok-1.18.42.jar;C:\Users\CONG\.m2\repository\org\springframework\boot\spring-boot-starter\4.0.0\spring-boot-starter-4.0.0.jar;C:\Users\CONG\.m2\repository\org\springframework\boot\spring-boot-starter-logging\4.0.0\spring-boot-starter-logging-4.0.0.jar;C:\Users\CONG\.m2\repository\ch\qos\logback\logback-classic\1.5.21\logback-classic-1.5.21.jar;C:\Users\CONG\.m2\repository\ch\qos\logback\logback-core\1.5.21\logback-core-1.5.21.jar;C:\Users\CONG\.m2\repository\org\apache\logging\log4j\log4j-to-slf4j\2.25.2\log4j-to-slf4j-2.25.2.jar;C:\Users\CONG\.m2\repository\org\apache\logging\log4j\log4j-api\2.25.2\log4j-api-2.25.2.jar;C:\Users\CONG\.m2\repository\org\slf4j\jul-to-slf4j\2.0.17\jul-to-slf4j-2.0.17.jar;C:\Users\CONG\.m2\repository\org\springframework\boot\spring-boot-autoconfigure\4.0.0\spring-boot-autoconfigure-4.0.0.jar;C:\Users\CONG\.m2\repository\jakarta\annotation\jakarta.annotation-api\3.0.0\jakarta.annotation-api-3.0.0.jar;C:\Users\CONG\.m2\repository\org\yaml\snakeyaml\2.5\snakeyaml-2.5.jar;C:\Users\CONG\.m2\repository\org\slf4j\slf4j-api\2.0.17\slf4j-api-2.0.17.jar;C:\Users\CONG\.m2\repository\org\springframework\spring-core\7.0.1\spring-core-7.0.1.jar;C:\Users\CONG\.m2\repository\commons-logging\commons-logging\1.3.5\commons-logging-1.3.5.jar;C:\Users\CONG\.m2\repository\org\jspecify\jspecify\1.0.0\jspecify-1.0.0.jar;C:\Users\CONG\.m2\repository\com\github\fracpete\princeton-java-stdlib\1.0.3\princeton-java-stdlib-1.0.3.jar;C:\Users\CONG\.m2\repository\java3d\vecmath\1.3.1\vecmath-1.3.1.jar;C:\Users\CONG\.m2\repository\java3d\j3d-core-utils\1.3.1\j3d-core-utils-1.3.1.jar;C:\Users\CONG\.m2\repository\java3d\j3d-core\1.3.1\j3d-core-1.3.1.jar;C:\Users\CONG\.m2\repository\com\github\fracpete\princeton-java-algorithms\4.0.2\princeton-java-algorithms-4.0.2.jar;C:\Users\CONG\.m2\repository\gov\nist\math\jama\1.0.3\jama-1.0.3.jar;C:\Users\CONG\.m2\repository\org\bytedeco\javacv-platform\1.5.10\javacv-platform-1.5.10.jar;C:\Users\CONG\.m2\repository\org\bytedeco\javacv\1.5.10\javacv-1.5.10.jar;C:\Users\CONG\.m2\repository\org\bytedeco\javacpp\1.5.10\javacpp-1.5.10.jar;C:\Users\CONG\.m2\repository\org\bytedeco\openblas\0.3.26-1.5.10\openblas-0.3.26-1.5.10.jar;C:\Users\CONG\.m2\repository\org\bytedeco\opencv\4.9.0-1.5.10\opencv-4.9.0-1.5.10.jar;C:\Users\CONG\.m2\repository\org\bytedeco\ffmpeg\6.1.1-1.5.10\ffmpeg-6.1.1-1.5.10.jar;C:\Users\CONG\.m2\repository\org\bytedeco\flycapture\2.13.3.31-1.5.9\flycapture-2.13.3.31-1.5.9.jar;C:\Users\CONG\.m2\repository\org\bytedeco\libdc1394\2.2.6-1.5.9\libdc1394-2.2.6-1.5.9.jar;C:\Users\CONG\.m2\repository\org\bytedeco\libfreenect\0.5.7-1.5.9\libfreenect-0.5.7-1.5.9.jar;C:\Users\CONG\.m2\repository\org\bytedeco\libfreenect2\0.2.0-1.5.9\libfreenect2-0.2.0-1.5.9.jar;C:\Users\CONG\.m2\repository\org\bytedeco\librealsense\1.12.4-1.5.9\librealsense-1.12.4-1.5.9.jar;C:\Users\CONG\.m2\repository\org\bytedeco\librealsense2\2.53.1-1.5.9\librealsense2-2.53.1-1.5.9.jar;C:\Users\CONG\.m2\repository\org\bytedeco\videoinput\0.200-1.5.9\videoinput-0.200-1.5.9.jar;C:\Users\CONG\.m2\repository\org\bytedeco\artoolkitplus\2.3.1-1.5.9\artoolkitplus-2.3.1-1.5.9.jar;C:\Users\CONG\.m2\repository\org\bytedeco\leptonica\1.84.1-1.5.10\leptonica-1.84.1-1.5.10.jar;C:\Users\CONG\.m2\repository\org\bytedeco\tesseract\5.3.4-1.5.10\tesseract-5.3.4-1.5.10.jar;C:\Users\CONG\.m2\repository\org\bytedeco\javacpp-platform\1.5.10\javacpp-platform-1.5.10.jar;C:\Users\CONG\.m2\repository\org\bytedeco\javacpp\1.5.10\javacpp-1.5.10-android-arm64.jar;C:\Users\CONG\.m2\repository\org\bytedeco\javacpp\1.5.10\javacpp-1.5.10-android-x86_64.jar;C:\Users\CONG\.m2\repository\org\bytedeco\javacpp\1.5.10\javacpp-1.5.10-ios-arm64.jar;C:\Users\CONG\.m2\repository\org\bytedeco\javacpp\1.5.10\javacpp-1.5.10-ios-x86_64.jar;C:\Users\CONG\.m2\repository\org\bytedeco\javacpp\1.5.10\javacpp-1.5.10-linux-arm64.jar;C:\Users\CONG\.m2\repository\org\bytedeco\javacpp\1.5.10\javacpp-1.5.10-linux-ppc64le.jar;C:\Users\CONG\.m2\repository\org\bytedeco\javacpp\1.5.10\javacpp-1.5.10-linux-x86_64.jar;C:\Users\CONG\.m2\repository\org\bytedeco\javacpp\1.5.10\javacpp-1.5.10-macosx-arm64.jar;C:\Users\CONG\.m2\repository\org\bytedeco\javacpp\1.5.10\javacpp-1.5.10-macosx-x86_64.jar;C:\Users\CONG\.m2\repository\org\bytedeco\javacpp\1.5.10\javacpp-1.5.10-windows-x86_64.jar;C:\Users\CONG\.m2\repository\org\bytedeco\openblas-platform\0.3.26-1.5.10\openblas-platform-0.3.26-1.5.10.jar;C:\Users\CONG\.m2\repository\org\bytedeco\openblas\0.3.26-1.5.10\openblas-0.3.26-1.5.10-android-arm64.jar;C:\Users\CONG\.m2\repository\org\bytedeco\openblas\0.3.26-1.5.10\openblas-0.3.26-1.5.10-android-x86_64.jar;C:\Users\CONG\.m2\repository\org\bytedeco\openblas\0.3.26-1.5.10\openblas-0.3.26-1.5.10-ios-arm64.jar;C:\Users\CONG\.m2\repository\org\bytedeco\openblas\0.3.26-1.5.10\openblas-0.3.26-1.5.10-ios-x86_64.jar;C:\Users\CONG\.m2\repository\org\bytedeco\openblas\0.3.26-1.5.10\openblas-0.3.26-1.5.10-linux-x86_64.jar;C:\Users\CONG\.m2\repository\org\bytedeco\openblas\0.3.26-1.5.10\openblas-0.3.26-1.5.10-linux-arm64.jar;C:\Users\CONG\.m2\repository\org\bytedeco\openblas\0.3.26-1.5.10\openblas-0.3.26-1.5.10-linux-ppc64le.jar;C:\Users\CONG\.m2\repository\org\bytedeco\openblas\0.3.26-1.5.10\openblas-0.3.26-1.5.10-macosx-arm64.jar;C:\Users\CONG\.m2\repository\org\bytedeco\openblas\0.3.26-1.5.10\openblas-0.3.26-1.5.10-macosx-x86_64.jar;C:\Users\CONG\.m2\repository\org\bytedeco\openblas\0.3.26-1.5.10\openblas-0.3.26-1.5.10-windows-x86_64.jar;C:\Users\CONG\.m2\repository\org\bytedeco\opencv-platform\4.9.0-1.5.10\opencv-platform-4.9.0-1.5.10.jar;C:\Users\CONG\.m2\repository\org\bytedeco\opencv\4.9.0-1.5.10\opencv-4.9.0-1.5.10-android-arm64.jar;C:\Users\CONG\.m2\repository\org\bytedeco\opencv\4.9.0-1.5.10\opencv-4.9.0-1.5.10-android-x86_64.jar;C:\Users\CONG\.m2\repository\org\bytedeco\opencv\4.9.0-1.5.10\opencv-4.9.0-1.5.10-ios-arm64.jar;C:\Users\CONG\.m2\repository\org\bytedeco\opencv\4.9.0-1.5.10\opencv-4.9.0-1.5.10-ios-x86_64.jar;C:\Users\CONG\.m2\repository\org\bytedeco\opencv\4.9.0-1.5.10\opencv-4.9.0-1.5.10-linux-x86_64.jar;C:\Users\CONG\.m2\repository\org\bytedeco\opencv\4.9.0-1.5.10\opencv-4.9.0-1.5.10-linux-arm64.jar;C:\Users\CONG\.m2\repository\org\bytedeco\opencv\4.9.0-1.5.10\opencv-4.9.0-1.5.10-linux-ppc64le.jar;C:\Users\CONG\.m2\repository\org\bytedeco\opencv\4.9.0-1.5.10\opencv-4.9.0-1.5.10-macosx-arm64.jar;C:\Users\CONG\.m2\repository\org\bytedeco\opencv\4.9.0-1.5.10\opencv-4.9.0-1.5.10-macosx-x86_64.jar;C:\Users\CONG\.m2\repository\org\bytedeco\opencv\4.9.0-1.5.10\opencv-4.9.0-1.5.10-windows-x86_64.jar;C:\Users\CONG\.m2\repository\org\bytedeco\ffmpeg-platform\6.1.1-1.5.10\ffmpeg-platform-6.1.1-1.5.10.jar;C:\Users\CONG\.m2\repository\org\bytedeco\ffmpeg\6.1.1-1.5.10\ffmpeg-6.1.1-1.5.10-android-arm64.jar;C:\Users\CONG\.m2\repository\org\bytedeco\ffmpeg\6.1.1-1.5.10\ffmpeg-6.1.1-1.5.10-android-x86_64.jar;C:\Users\CONG\.m2\repository\org\bytedeco\ffmpeg\6.1.1-1.5.10\ffmpeg-6.1.1-1.5.10-linux-x86_64.jar;C:\Users\CONG\.m2\repository\org\bytedeco\ffmpeg\6.1.1-1.5.10\ffmpeg-6.1.1-1.5.10-linux-arm64.jar;C:\Users\CONG\.m2\repository\org\bytedeco\ffmpeg\6.1.1-1.5.10\ffmpeg-6.1.1-1.5.10-linux-ppc64le.jar;C:\Users\CONG\.m2\repository\org\bytedeco\ffmpeg\6.1.1-1.5.10\ffmpeg-6.1.1-1.5.10-macosx-arm64.jar;C:\Users\CONG\.m2\repository\org\bytedeco\ffmpeg\6.1.1-1.5.10\ffmpeg-6.1.1-1.5.10-macosx-x86_64.jar;C:\Users\CONG\.m2\repository\org\bytedeco\ffmpeg\6.1.1-1.5.10\ffmpeg-6.1.1-1.5.10-windows-x86_64.jar;C:\Users\CONG\.m2\repository\org\bytedeco\flycapture-platform\2.13.3.31-1.5.9\flycapture-platform-2.13.3.31-1.5.9.jar;C:\Users\CONG\.m2\repository\org\bytedeco\flycapture\2.13.3.31-1.5.9\flycapture-2.13.3.31-1.5.9-linux-x86.jar;C:\Users\CONG\.m2\repository\org\bytedeco\flycapture\2.13.3.31-1.5.9\flycapture-2.13.3.31-1.5.9-linux-x86_64.jar;C:\Users\CONG\.m2\repository\org\bytedeco\flycapture\2.13.3.31-1.5.9\flycapture-2.13.3.31-1.5.9-linux-armhf.jar;C:\Users\CONG\.m2\repository\org\bytedeco\flycapture\2.13.3.31-1.5.9\flycapture-2.13.3.31-1.5.9-linux-arm64.jar;C:\Users\CONG\.m2\repository\org\bytedeco\flycapture\2.13.3.31-1.5.9\flycapture-2.13.3.31-1.5.9-windows-x86.jar;C:\Users\CONG\.m2\repository\org\bytedeco\flycapture\2.13.3.31-1.5.9\flycapture-2.13.3.31-1.5.9-windows-x86_64.jar;C:\Users\CONG\.m2\repository\org\bytedeco\libdc1394-platform\2.2.6-1.5.9\libdc1394-platform-2.2.6-1.5.9.jar;C:\Users\CONG\.m2\repository\org\bytedeco\libdc1394\2.2.6-1.5.9\libdc1394-2.2.6-1.5.9-linux-x86.jar;C:\Users\CONG\.m2\repository\org\bytedeco\libdc1394\2.2.6-1.5.9\libdc1394-2.2.6-1.5.9-linux-x86_64.jar;C:\Users\CONG\.m2\repository\org\bytedeco\libdc1394\2.2.6-1.5.9\libdc1394-2.2.6-1.5.9-linux-armhf.jar;C:\Users\CONG\.m2\repository\org\bytedeco\libdc1394\2.2.6-1.5.9\libdc1394-2.2.6-1.5.9-linux-arm64.jar;C:\Users\CONG\.m2\repository\org\bytedeco\libdc1394\2.2.6-1.5.9\libdc1394-2.2.6-1.5.9-linux-ppc64le.jar;C:\Users\CONG\.m2\repository\org\bytedeco\libdc1394\2.2.6-1.5.9\libdc1394-2.2.6-1.5.9-macosx-x86_64.jar;C:\Users\CONG\.m2\repository\org\bytedeco\libdc1394\2.2.6-1.5.9\libdc1394-2.2.6-1.5.9-windows-x86.jar;C:\Users\CONG\.m2\repository\org\bytedeco\libdc1394\2.2.6-1.5.9\libdc1394-2.2.6-1.5.9-windows-x86_64.jar;C:\Users\CONG\.m2\repository\org\bytedeco\libfreenect-platform\0.5.7-1.5.9\libfreenect-platform-0.5.7-1.5.9.jar;C:\Users\CONG\.m2\repository\org\bytedeco\libfreenect\0.5.7-1.5.9\libfreenect-0.5.7-1.5.9-linux-x86.jar;C:\Users\CONG\.m2\repository\org\bytedeco\libfreenect\0.5.7-1.5.9\libfreenect-0.5.7-1.5.9-linux-x86_64.jar;C:\Users\CONG\.m2\repository\org\bytedeco\libfreenect\0.5.7-1.5.9\libfreenect-0.5.7-1.5.9-linux-armhf.jar;C:\Users\CONG\.m2\repository\org\bytedeco\libfreenect\0.5.7-1.5.9\libfreenect-0.5.7-1.5.9-linux-arm64.jar;C:\Users\CONG\.m2\repository\org\bytedeco\libfreenect\0.5.7-1.5.9\libfreenect-0.5.7-1.5.9-linux-ppc64le.jar;C:\Users\CONG\.m2\repository\org\bytedeco\libfreenect\0.5.7-1.5.9\libfreenect-0.5.7-1.5.9-macosx-x86_64.jar;C:\Users\CONG\.m2\repository\org\bytedeco\libfreenect\0.5.7-1.5.9\libfreenect-0.5.7-1.5.9-windows-x86.jar;C:\Users\CONG\.m2\repository\org\bytedeco\libfreenect\0.5.7-1.5.9\libfreenect-0.5.7-1.5.9-windows-x86_64.jar;C:\Users\CONG\.m2\repository\org\bytedeco\libfreenect2-platform\0.2.0-1.5.9\libfreenect2-platform-0.2.0-1.5.9.jar;C:\Users\CONG\.m2\repository\org\bytedeco\libfreenect2\0.2.0-1.5.9\libfreenect2-0.2.0-1.5.9-linux-x86.jar;C:\Users\CONG\.m2\repository\org\bytedeco\libfreenect2\0.2.0-1.5.9\libfreenect2-0.2.0-1.5.9-linux-x86_64.jar;C:\Users\CONG\.m2\repository\org\bytedeco\libfreenect2\0.2.0-1.5.9\libfreenect2-0.2.0-1.5.9-macosx-x86_64.jar;C:\Users\CONG\.m2\repository\org\bytedeco\libfreenect2\0.2.0-1.5.9\libfreenect2-0.2.0-1.5.9-windows-x86_64.jar;C:\Users\CONG\.m2\repository\org\bytedeco\librealsense-platform\1.12.4-1.5.9\librealsense-platform-1.12.4-1.5.9.jar;C:\Users\CONG\.m2\repository\org\bytedeco\librealsense\1.12.4-1.5.9\librealsense-1.12.4-1.5.9-linux-armhf.jar;C:\Users\CONG\.m2\repository\org\bytedeco\librealsense\1.12.4-1.5.9\librealsense-1.12.4-1.5.9-linux-arm64.jar;C:\Users\CONG\.m2\repository\org\bytedeco\librealsense\1.12.4-1.5.9\librealsense-1.12.4-1.5.9-linux-x86.jar;C:\Users\CONG\.m2\repository\org\bytedeco\librealsense\1.12.4-1.5.9\librealsense-1.12.4-1.5.9-linux-x86_64.jar;C:\Users\CONG\.m2\repository\org\bytedeco\librealsense\1.12.4-1.5.9\librealsense-1.12.4-1.5.9-macosx-x86_64.jar;C:\Users\CONG\.m2\repository\org\bytedeco\librealsense\1.12.4-1.5.9\librealsense-1.12.4-1.5.9-windows-x86.jar;C:\Users\CONG\.m2\repository\org\bytedeco\librealsense\1.12.4-1.5.9\librealsense-1.12.4-1.5.9-windows-x86_64.jar;C:\Users\CONG\.m2\repository\org\bytedeco\librealsense2-platform\2.53.1-1.5.9\librealsense2-platform-2.53.1-1.5.9.jar;C:\Users\CONG\.m2\repository\org\bytedeco\librealsense2\2.53.1-1.5.9\librealsense2-2.53.1-1.5.9-linux-armhf.jar;C:\Users\CONG\.m2\repository\org\bytedeco\librealsense2\2.53.1-1.5.9\librealsense2-2.53.1-1.5.9-linux-arm64.jar;C:\Users\CONG\.m2\repository\org\bytedeco\librealsense2\2.53.1-1.5.9\librealsense2-2.53.1-1.5.9-linux-x86.jar;C:\Users\CONG\.m2\repository\org\bytedeco\librealsense2\2.53.1-1.5.9\librealsense2-2.53.1-1.5.9-linux-x86_64.jar;C:\Users\CONG\.m2\repository\org\bytedeco\librealsense2\2.53.1-1.5.9\librealsense2-2.53.1-1.5.9-macosx-x86_64.jar;C:\Users\CONG\.m2\repository\org\bytedeco\librealsense2\2.53.1-1.5.9\librealsense2-2.53.1-1.5.9-windows-x86.jar;C:\Users\CONG\.m2\repository\org\bytedeco\librealsense2\2.53.1-1.5.9\librealsense2-2.53.1-1.5.9-windows-x86_64.jar;C:\Users\CONG\.m2\repository\org\bytedeco\videoinput-platform\0.200-1.5.9\videoinput-platform-0.200-1.5.9.jar;C:\Users\CONG\.m2\repository\org\bytedeco\videoinput\0.200-1.5.9\videoinput-0.200-1.5.9-windows-x86.jar;C:\Users\CONG\.m2\repository\org\bytedeco\videoinput\0.200-1.5.9\videoinput-0.200-1.5.9-windows-x86_64.jar;C:\Users\CONG\.m2\repository\org\bytedeco\artoolkitplus-platform\2.3.1-1.5.9\artoolkitplus-platform-2.3.1-1.5.9.jar;C:\Users\CONG\.m2\repository\org\bytedeco\artoolkitplus\2.3.1-1.5.9\artoolkitplus-2.3.1-1.5.9-android-arm.jar;C:\Users\CONG\.m2\repository\org\bytedeco\artoolkitplus\2.3.1-1.5.9\artoolkitplus-2.3.1-1.5.9-android-arm64.jar;C:\Users\CONG\.m2\repository\org\bytedeco\artoolkitplus\2.3.1-1.5.9\artoolkitplus-2.3.1-1.5.9-android-x86.jar;C:\Users\CONG\.m2\repository\org\bytedeco\artoolkitplus\2.3.1-1.5.9\artoolkitplus-2.3.1-1.5.9-android-x86_64.jar;C:\Users\CONG\.m2\repository\org\bytedeco\artoolkitplus\2.3.1-1.5.9\artoolkitplus-2.3.1-1.5.9-linux-x86.jar;C:\Users\CONG\.m2\repository\org\bytedeco\artoolkitplus\2.3.1-1.5.9\artoolkitplus-2.3.1-1.5.9-linux-x86_64.jar;C:\Users\CONG\.m2\repository\org\bytedeco\artoolkitplus\2.3.1-1.5.9\artoolkitplus-2.3.1-1.5.9-linux-armhf.jar;C:\Users\CONG\.m2\repository\org\bytedeco\artoolkitplus\2.3.1-1.5.9\artoolkitplus-2.3.1-1.5.9-linux-arm64.jar;C:\Users\CONG\.m2\repository\org\bytedeco\artoolkitplus\2.3.1-1.5.9\artoolkitplus-2.3.1-1.5.9-linux-ppc64le.jar;C:\Users\CONG\.m2\repository\org\bytedeco\artoolkitplus\2.3.1-1.5.9\artoolkitplus-2.3.1-1.5.9-macosx-x86_64.jar;C:\Users\CONG\.m2\repository\org\bytedeco\artoolkitplus\2.3.1-1.5.9\artoolkitplus-2.3.1-1.5.9-windows-x86.jar;C:\Users\CONG\.m2\repository\org\bytedeco\artoolkitplus\2.3.1-1.5.9\artoolkitplus-2.3.1-1.5.9-windows-x86_64.jar;C:\Users\CONG\.m2\repository\org\bytedeco\leptonica-platform\1.84.1-1.5.10\leptonica-platform-1.84.1-1.5.10.jar;C:\Users\CONG\.m2\repository\org\bytedeco\leptonica\1.84.1-1.5.10\leptonica-1.84.1-1.5.10-android-arm64.jar;C:\Users\CONG\.m2\repository\org\bytedeco\leptonica\1.84.1-1.5.10\leptonica-1.84.1-1.5.10-android-x86_64.jar;C:\Users\CONG\.m2\repository\org\bytedeco\leptonica\1.84.1-1.5.10\leptonica-1.84.1-1.5.10-linux-x86_64.jar;C:\Users\CONG\.m2\repository\org\bytedeco\leptonica\1.84.1-1.5.10\leptonica-1.84.1-1.5.10-linux-arm64.jar;C:\Users\CONG\.m2\repository\org\bytedeco\leptonica\1.84.1-1.5.10\leptonica-1.84.1-1.5.10-linux-ppc64le.jar;C:\Users\CONG\.m2\repository\org\bytedeco\leptonica\1.84.1-1.5.10\leptonica-1.84.1-1.5.10-macosx-arm64.jar;C:\Users\CONG\.m2\repository\org\bytedeco\leptonica\1.84.1-1.5.10\leptonica-1.84.1-1.5.10-macosx-x86_64.jar;C:\Users\CONG\.m2\repository\org\bytedeco\leptonica\1.84.1-1.5.10\leptonica-1.84.1-1.5.10-windows-x86_64.jar;C:\Users\CONG\.m2\repository\org\bytedeco\tesseract-platform\5.3.4-1.5.10\tesseract-platform-5.3.4-1.5.10.jar;C:\Users\CONG\.m2\repository\org\bytedeco\tesseract\5.3.4-1.5.10\tesseract-5.3.4-1.5.10-android-arm64.jar;C:\Users\CONG\.m2\repository\org\bytedeco\tesseract\5.3.4-1.5.10\tesseract-5.3.4-1.5.10-android-x86_64.jar;C:\Users\CONG\.m2\repository\org\bytedeco\tesseract\5.3.4-1.5.10\tesseract-5.3.4-1.5.10-linux-x86_64.jar;C:\Users\CONG\.m2\repository\org\bytedeco\tesseract\5.3.4-1.5.10\tesseract-5.3.4-1.5.10-linux-arm64.jar;C:\Users\CONG\.m2\repository\org\bytedeco\tesseract\5.3.4-1.5.10\tesseract-5.3.4-1.5.10-linux-ppc64le.jar;C:\Users\CONG\.m2\repository\org\bytedeco\tesseract\5.3.4-1.5.10\tesseract-5.3.4-1.5.10-macosx-arm64.jar;C:\Users\CONG\.m2\repository\org\bytedeco\tesseract\5.3.4-1.5.10\tesseract-5.3.4-1.5.10-macosx-x86_64.jar;C:\Users\CONG\.m2\repository\org\bytedeco\tesseract\5.3.4-1.5.10\tesseract-5.3.4-1.5.10-windows-x86_64.jar;C:\Users\CONG\.m2\repository\org\openpnp\opencv\4.9.0-0\opencv-4.9.0-0.jar
Launcher Type: SUN_STANDARD

[Global flags]
     intx CICompilerCount                          = 12                                        {product} {ergonomic}
     uint ConcGCThreads                            = 3                                         {product} {ergonomic}
     uint G1ConcRefinementThreads                  = 13                                        {product} {ergonomic}
   size_t G1HeapRegionSize                         = 2097152                                   {product} {ergonomic}
    uintx GCDrainStackTargetSize                   = 64                                        {product} {ergonomic}
   size_t InitialHeapSize                          = 264241152                                 {product} {ergonomic}
   size_t MarkStackSize                            = 4194304                                   {product} {ergonomic}
   size_t MaxHeapSize                              = 4219469824                                {product} {ergonomic}
   size_t MaxNewSize                               = 2531262464                                {product} {ergonomic}
   size_t MinHeapDeltaBytes                        = 2097152                                   {product} {ergonomic}
   size_t MinHeapSize                              = 8388608                                   {product} {ergonomic}
    uintx NonNMethodCodeHeapSize                   = 7602480                                {pd product} {ergonomic}
    uintx NonProfiledCodeHeapSize                  = 122027880                              {pd product} {ergonomic}
    uintx ProfiledCodeHeapSize                     = 122027880                              {pd product} {ergonomic}
    uintx ReservedCodeCacheSize                    = 251658240                              {pd product} {ergonomic}
     bool SegmentedCodeCache                       = true                                      {product} {ergonomic}
   size_t SoftMaxHeapSize                          = 4219469824                             {manageable} {ergonomic}
     bool UseCompressedOops                        = true                           {product lp64_product} {ergonomic}
     bool UseG1GC                                  = true                                      {product} {ergonomic}
     bool UseLargePagesIndividualAllocation        = false                                  {pd product} {ergonomic}

Logging:
Log output configuration:
 #0: stdout all=warning uptime,level,tags foldmultilines=false
 #1: stderr all=off uptime,level,tags foldmultilines=false

Environment Variables:
JAVA_HOME=D:\JavaJDK\jdk-21
PATH=C:\Program Files\Common Files\Oracle\Java\javapath;D:\Oracle23ai\dbhomeFree\bin;C:\WINDOWS\system32;C:\WINDOWS;C:\WINDOWS\System32\Wbem;C:\WINDOWS\System32\WindowsPowerShell\v1.0\;C:\WINDOWS\System32\OpenSSH\;D:\Git\cmd;C:\Program Files\Git LFS;D:\oracle_apex_ords\ords-25\bin;D:\nodejs\;D:\PythonIDLE;D:\PythonIDLE\Scripts;D:\JavaJDK\jdk-21\bin;D:\PythonIDLE\Scripts\;D:\PythonIDLE\;C:\Users\CONG\AppData\Local\Microsoft\WindowsApps;D:\PyCharm Community Edition 2025.1.3\bin;;D:\IntelliJ IDEA Community Edition 2025.1.3\bin;;D:\Microsoft VS Code\bin;D:\CLion 2025.1.2\bin;;C:\Users\CONG\AppData\Roaming\npm;
USERNAME=CONG
OS=Windows_NT
PROCESSOR_IDENTIFIER=Intel64 Family 6 Model 154 Stepping 3, GenuineIntel
TMP=C:\Users\CONG\AppData\Local\Temp
TEMP=C:\Users\CONG\AppData\Local\Temp




Periodic native trim disabled

---------------  S Y S T E M  ---------------

OS:
 Windows 11 , 64 bit Build 26100 (10.0.26100.7019)
OS uptime: 0 days 14:20 hours
Hyper-V role detected

CPU: total 16 (initial active 16) (8 cores per cpu, 2 threads per core) family 6 model 154 stepping 3 microcode 0x41b, cx8, cmov, fxsr, ht, mmx, 3dnowpref, sse, sse2, sse3, ssse3, sse4.1, sse4.2, popcnt, lzcnt, tsc, tscinvbit, avx, avx2, aes, erms, clmul, bmi1, bmi2, adx, sha, fma, vzeroupper, clflush, clflushopt, clwb, hv, serialize, rdtscp, rdpid, fsrm, f16c, cet_ibt, cet_ss
Processor Information for processor 0
  Max Mhz: 1700, Current Mhz: 1700, Mhz Limit: 1700
Processor Information for processor 1
  Max Mhz: 1700, Current Mhz: 1700, Mhz Limit: 1700
Processor Information for processor 2
  Max Mhz: 1700, Current Mhz: 1700, Mhz Limit: 1700
Processor Information for processor 3
  Max Mhz: 1700, Current Mhz: 1700, Mhz Limit: 1700
Processor Information for processor 4
  Max Mhz: 1700, Current Mhz: 1700, Mhz Limit: 1700
Processor Information for processor 5
  Max Mhz: 1700, Current Mhz: 1700, Mhz Limit: 1700
Processor Information for processor 6
  Max Mhz: 1700, Current Mhz: 1700, Mhz Limit: 1700
Processor Information for processor 7
  Max Mhz: 1700, Current Mhz: 1700, Mhz Limit: 1700
Processor Information for processor 8
  Max Mhz: 1700, Current Mhz: 1200, Mhz Limit: 1190
Processor Information for processor 9
  Max Mhz: 1700, Current Mhz: 1200, Mhz Limit: 1190
Processor Information for processor 10
  Max Mhz: 1700, Current Mhz: 1200, Mhz Limit: 1190
Processor Information for processor 11
  Max Mhz: 1700, Current Mhz: 1200, Mhz Limit: 1190
Processor Information for processor 12
  Max Mhz: 1700, Current Mhz: 1200, Mhz Limit: 1190
Processor Information for processor 13
  Max Mhz: 1700, Current Mhz: 1200, Mhz Limit: 1190
Processor Information for processor 14
  Max Mhz: 1700, Current Mhz: 1200, Mhz Limit: 1190
Processor Information for processor 15
  Max Mhz: 1700, Current Mhz: 1200, Mhz Limit: 1190

Memory: 4k page, system-wide physical 16088M (6729M free)
TotalPageFile size 17240M (AvailPageFile size 1606M)
current process WorkingSet (physical memory assigned to process): 585M, peak: 826M
current process commit charge ("private bytes"): 4509M, peak: 4748M

vm_info: Java HotSpot(TM) 64-Bit Server VM (21.0.9+7-LTS-338) for windows-amd64 JRE (21.0.9+7-LTS-338), built on 2025-09-26T06:33:49Z by "mach5run" with MS VC++ 17.6 (VS2022)

END.
